#
# There is insufficient memory for the Java Runtime Environment to continue.
# Native memory allocation (malloc) failed to allocate 262160 bytes for Chunk::new
# Possible reasons:
#   The system is out of physical RAM or swap space
#   The process is running with CompressedOops enabled, and the Java Heap may be blocking the growth of the native heap
# Possible solutions:
#   Reduce memory load on the system
#   Increase physical memory or swap space
#   Check if swap backing store is full
#   Decrease Java heap size (-Xmx/-Xms)
#   Decrease number of Java threads
#   Decrease Java thread stack sizes (-Xss)
#   Set larger code cache with -XX:ReservedCodeCacheSize=
#   JVM is running with Unscaled Compressed Oops mode in which the Java heap is
#     placed in the first 4GB address space. The Java Heap base address is the
#     maximum limit for the native heap growth. Please use -XX:HeapBaseMinAddress
#     to set the Java Heap base and to place the Java Heap above 4GB virtual address.
# This output file may be truncated or incomplete.
#
#  Out of Memory Error (allocation.cpp:389), pid=32956, tid=0x0000000000006050
#
# JRE version: OpenJDK Runtime Environment (8.0_312-b07) (build 1.8.0_312-b07)
# Java VM: OpenJDK 64-Bit Server VM (25.312-b07 mixed mode windows-amd64 compressed oops)
# Failed to write core dump. Minidumps are not enabled by default on client versions of Windows
#

---------------  T H R E A D  ---------------

Current thread (0x000002467432b800):  JavaThread "C2 CompilerThread1" daemon [_thread_in_native, id=24656, stack(0x000000db29000000,0x000000db29100000)]

Stack: [0x000000db29000000,0x000000db29100000]
[error occurred during error reporting (printing stack bounds), id 0xc0000005]

Native frames: (J=compiled Java code, j=interpreted, Vv=VM code, C=native code)


Current CompileTask:
C2:   9338 5920   !   4       com.google.common.reflect.TypeVisitor::visit (225 bytes)


---------------  P R O C E S S  ---------------

Java Threads: ( => current thread )
  0x0000024676207000 JavaThread "Cache worker for file content cache (C:\Users\osuni\StudioProjects\tesla-dashboard\android\.gradle\6.5\fileContent)" [_thread_blocked, id=28956, stack(0x000000db32a00000,0x000000db32b00000)]
  0x0000024676208000 JavaThread "Memory manager" [_thread_blocked, id=30268, stack(0x000000db32900000,0x000000db32a00000)]
  0x0000024676202800 JavaThread "pool-1-thread-1" [_thread_blocked, id=12284, stack(0x000000db32800000,0x000000db32900000)]
  0x0000024676204000 JavaThread "Cache worker for Build Output Cleanup Cache (C:\Users\osuni\StudioProjects\tesla-dashboard\android\.gradle\buildOutputCleanup)" [_thread_blocked, id=11892, stack(0x000000db32700000,0x000000db32800000)]
  0x00000246761ff800 JavaThread "jar transforms Thread 117" [_thread_blocked, id=19748, stack(0x000000db32600000,0x000000db32700000)]
  0x0000024676205800 JavaThread "jar transforms Thread 116" [_thread_blocked, id=31300, stack(0x000000db32500000,0x000000db32600000)]
  0x0000024676206800 JavaThread "jar transforms Thread 115" [_thread_blocked, id=30996, stack(0x000000db32400000,0x000000db32500000)]
  0x00000246761fe800 JavaThread "jar transforms Thread 114" [_thread_blocked, id=28172, stack(0x000000db32300000,0x000000db32400000)]
  0x0000024676205000 JavaThread "jar transforms Thread 113" [_thread_blocked, id=11472, stack(0x000000db32200000,0x000000db32300000)]
  0x0000024676203800 JavaThread "jar transforms Thread 112" [_thread_blocked, id=15124, stack(0x000000db32100000,0x000000db32200000)]
  0x0000024676201800 JavaThread "jar transforms Thread 111" [_thread_blocked, id=27700, stack(0x000000db32000000,0x000000db32100000)]
  0x00000246761fa000 JavaThread "jar transforms Thread 110" [_thread_blocked, id=22812, stack(0x000000db31f00000,0x000000db32000000)]
  0x00000246761fe000 JavaThread "jar transforms Thread 109" [_thread_blocked, id=33384, stack(0x000000db31e00000,0x000000db31f00000)]
  0x0000024676201000 JavaThread "jar transforms Thread 108" [_thread_blocked, id=16924, stack(0x000000db31d00000,0x000000db31e00000)]
  0x00000246761fb800 JavaThread "jar transforms Thread 107" [_thread_blocked, id=32748, stack(0x000000db31c00000,0x000000db31d00000)]
  0x0000024676200000 JavaThread "jar transforms Thread 106" [_thread_blocked, id=11548, stack(0x000000db31b00000,0x000000db31c00000)]
  0x00000246761fc000 JavaThread "jar transforms Thread 105" [_thread_blocked, id=30768, stack(0x000000db31a00000,0x000000db31b00000)]
  0x00000246761fa800 JavaThread "jar transforms Thread 104" [_thread_blocked, id=27512, stack(0x000000db31900000,0x000000db31a00000)]
  0x00000246761f9000 JavaThread "jar transforms Thread 103" [_thread_blocked, id=17556, stack(0x000000db31800000,0x000000db31900000)]
  0x00000246761fd000 JavaThread "jar transforms Thread 102" [_thread_blocked, id=27628, stack(0x000000db31700000,0x000000db31800000)]
  0x0000024675e3e000 JavaThread "jar transforms Thread 101" [_thread_blocked, id=12896, stack(0x000000db31600000,0x000000db31700000)]
  0x0000024675e3d800 JavaThread "jar transforms Thread 100" [_thread_blocked, id=28980, stack(0x000000db31500000,0x000000db31600000)]
  0x0000024675e40800 JavaThread "jar transforms Thread 99" [_thread_blocked, id=24864, stack(0x000000db31400000,0x000000db31500000)]
  0x0000024675e3c800 JavaThread "jar transforms Thread 98" [_thread_blocked, id=26924, stack(0x000000db31300000,0x000000db31400000)]
  0x0000024675e3f800 JavaThread "jar transforms Thread 97" [_thread_blocked, id=31736, stack(0x000000db31200000,0x000000db31300000)]
  0x0000024675e3b800 JavaThread "jar transforms Thread 96" [_thread_blocked, id=30896, stack(0x000000db31100000,0x000000db31200000)]
  0x0000024675e3b000 JavaThread "jar transforms Thread 95" [_thread_blocked, id=32416, stack(0x000000db31000000,0x000000db31100000)]
  0x0000024675e3f000 JavaThread "jar transforms Thread 94" [_thread_blocked, id=18192, stack(0x000000db30f00000,0x000000db31000000)]
  0x0000024675e33000 JavaThread "jar transforms Thread 93" [_thread_blocked, id=29956, stack(0x000000db30e00000,0x000000db30f00000)]
  0x0000024675e3a000 JavaThread "jar transforms Thread 92" [_thread_blocked, id=28360, stack(0x000000db30d00000,0x000000db30e00000)]
  0x0000024675e32800 JavaThread "jar transforms Thread 91" [_thread_blocked, id=24776, stack(0x000000db30c00000,0x000000db30d00000)]
  0x0000024675e39800 JavaThread "jar transforms Thread 90" [_thread_blocked, id=22936, stack(0x000000db30b00000,0x000000db30c00000)]
  0x0000024675e36000 JavaThread "jar transforms Thread 89" [_thread_blocked, id=32412, stack(0x000000db30a00000,0x000000db30b00000)]
  0x0000024675e31800 JavaThread "jar transforms Thread 88" [_thread_blocked, id=19324, stack(0x000000db30900000,0x000000db30a00000)]
  0x0000024675e37000 JavaThread "jar transforms Thread 87" [_thread_blocked, id=10548, stack(0x000000db30800000,0x000000db30900000)]
  0x0000024675e34000 JavaThread "jar transforms Thread 86" [_thread_blocked, id=31816, stack(0x000000db30700000,0x000000db30800000)]
  0x0000024675e35800 JavaThread "jar transforms Thread 85" [_thread_blocked, id=27564, stack(0x000000db30600000,0x000000db30700000)]
  0x0000024675e38800 JavaThread "jar transforms Thread 84" [_thread_blocked, id=29988, stack(0x000000db30500000,0x000000db30600000)]
  0x0000024675e38000 JavaThread "jar transforms Thread 83" [_thread_blocked, id=32228, stack(0x000000db30400000,0x000000db30500000)]
  0x0000024675e34800 JavaThread "jar transforms Thread 82" [_thread_blocked, id=27444, stack(0x000000db30300000,0x000000db30400000)]
  0x000002467811f000 JavaThread "jar transforms Thread 81" [_thread_blocked, id=2364, stack(0x000000db30200000,0x000000db30300000)]
  0x0000024678122000 JavaThread "jar transforms Thread 80" [_thread_blocked, id=6108, stack(0x000000db30100000,0x000000db30200000)]
  0x000002467811e000 JavaThread "jar transforms Thread 79" [_thread_blocked, id=14084, stack(0x000000db30000000,0x000000db30100000)]
  0x0000024678121800 JavaThread "jar transforms Thread 78" [_thread_blocked, id=30972, stack(0x000000db2ff00000,0x000000db30000000)]
  0x0000024678120800 JavaThread "jar transforms Thread 77" [_thread_blocked, id=32364, stack(0x000000db2fe00000,0x000000db2ff00000)]
  0x000002467811d800 JavaThread "jar transforms Thread 76" [_thread_blocked, id=23320, stack(0x000000db2fd00000,0x000000db2fe00000)]
  0x000002467811c800 JavaThread "jar transforms Thread 75" [_thread_blocked, id=5272, stack(0x000000db2fc00000,0x000000db2fd00000)]
  0x000002467811c000 JavaThread "jar transforms Thread 74" [_thread_blocked, id=15336, stack(0x000000db2fb00000,0x000000db2fc00000)]
  0x000002467811f800 JavaThread "jar transforms Thread 73" [_thread_blocked, id=33416, stack(0x000000db2fa00000,0x000000db2fb00000)]
  0x0000024678114000 JavaThread "jar transforms Thread 72" [_thread_blocked, id=28180, stack(0x000000db2f900000,0x000000db2fa00000)]
  0x0000024678114800 JavaThread "jar transforms Thread 71" [_thread_blocked, id=26412, stack(0x000000db2f800000,0x000000db2f900000)]
  0x0000024678117000 JavaThread "jar transforms Thread 70" [_thread_blocked, id=33456, stack(0x000000db2f700000,0x000000db2f800000)]
  0x000002467811b000 JavaThread "jar transforms Thread 69" [_thread_blocked, id=31084, stack(0x000000db2f600000,0x000000db2f700000)]
  0x0000024678118000 JavaThread "jar transforms Thread 68" [_thread_blocked, id=32128, stack(0x000000db2f500000,0x000000db2f600000)]
  0x0000024678115800 JavaThread "jar transforms Thread 67" [_thread_blocked, id=14984, stack(0x000000db2f400000,0x000000db2f500000)]
  0x000002467811a000 JavaThread "jar transforms Thread 66" [_thread_blocked, id=24632, stack(0x000000db2f300000,0x000000db2f400000)]
  0x0000024678116800 JavaThread "jar transforms Thread 65" [_thread_blocked, id=24664, stack(0x000000db2f200000,0x000000db2f300000)]
  0x0000024678118800 JavaThread "jar transforms Thread 64" [_thread_blocked, id=27036, stack(0x000000db2f100000,0x000000db2f200000)]
  0x0000024678119800 JavaThread "jar transforms Thread 63" [_thread_blocked, id=20296, stack(0x000000db2f000000,0x000000db2f100000)]
  0x0000024678113000 JavaThread "jar transforms Thread 62" [_thread_blocked, id=27680, stack(0x000000db2ef00000,0x000000db2f000000)]
  0x000002467a022800 JavaThread "jar transforms Thread 61" [_thread_blocked, id=30788, stack(0x000000db2ee00000,0x000000db2ef00000)]
  0x000002467a020000 JavaThread "jar transforms Thread 60" [_thread_blocked, id=12116, stack(0x000000db2ed00000,0x000000db2ee00000)]
  0x000002467a01f800 JavaThread "jar transforms Thread 59" [_thread_blocked, id=1988, stack(0x000000db2ec00000,0x000000db2ed00000)]
  0x000002467a01d000 JavaThread "jar transforms Thread 58" [_thread_blocked, id=26100, stack(0x000000db2eb00000,0x000000db2ec00000)]
  0x000002467a021000 JavaThread "jar transforms Thread 57" [_thread_blocked, id=31904, stack(0x000000db2ea00000,0x000000db2eb00000)]
  0x000002467a01c800 JavaThread "jar transforms Thread 56" [_thread_blocked, id=13588, stack(0x000000db2e900000,0x000000db2ea00000)]
  0x000002467a022000 JavaThread "jar transforms Thread 55" [_thread_blocked, id=31332, stack(0x000000db2e800000,0x000000db2e900000)]
  0x000002467a01e800 JavaThread "jar transforms Thread 54" [_thread_blocked, id=31392, stack(0x000000db2e700000,0x000000db2e800000)]
  0x000002467a01e000 JavaThread "jar transforms Thread 53" [_thread_blocked, id=14972, stack(0x000000db2e600000,0x000000db2e700000)]
  0x000002467a01b800 JavaThread "jar transforms Thread 52" [_thread_blocked, id=17844, stack(0x000000db2e500000,0x000000db2e600000)]
  0x0000024678184800 JavaThread "jar transforms Thread 51" [_thread_blocked, id=29028, stack(0x000000db2e400000,0x000000db2e500000)]
  0x0000024678184000 JavaThread "jar transforms Thread 50" [_thread_blocked, id=4272, stack(0x000000db2e300000,0x000000db2e400000)]
  0x0000024678183000 JavaThread "jar transforms Thread 49" [_thread_blocked, id=30088, stack(0x000000db2e200000,0x000000db2e300000)]
  0x0000024678182800 JavaThread "jar transforms Thread 48" [_thread_blocked, id=29004, stack(0x000000db2e100000,0x000000db2e200000)]
  0x000002467817a800 JavaThread "jar transforms Thread 47" [_thread_blocked, id=864, stack(0x000000db2e000000,0x000000db2e100000)]
  0x0000024678181800 JavaThread "jar transforms Thread 46" [_thread_blocked, id=32784, stack(0x000000db2df00000,0x000000db2e000000)]
  0x0000024678181000 JavaThread "jar transforms Thread 45" [_thread_blocked, id=1536, stack(0x000000db2de00000,0x000000db2df00000)]
  0x000002467817c000 JavaThread "jar transforms Thread 44" [_thread_blocked, id=32544, stack(0x000000db2dd00000,0x000000db2de00000)]
  0x000002467817f000 JavaThread "jar transforms Thread 43" [_thread_blocked, id=25924, stack(0x000000db2dc00000,0x000000db2dd00000)]
  0x000002467817b800 JavaThread "jar transforms Thread 42" [_thread_blocked, id=32072, stack(0x000000db2db00000,0x000000db2dc00000)]
  0x0000024678179000 JavaThread "jar transforms Thread 41" [_thread_blocked, id=12364, stack(0x000000db2da00000,0x000000db2db00000)]
  0x000002467817d800 JavaThread "jar transforms Thread 40" [_thread_blocked, id=5140, stack(0x000000db2d900000,0x000000db2da00000)]
  0x0000024678180000 JavaThread "jar transforms Thread 39" [_thread_blocked, id=1736, stack(0x000000db2d800000,0x000000db2d900000)]
  0x0000024678178000 JavaThread "jar transforms Thread 38" [_thread_blocked, id=33052, stack(0x000000db2d700000,0x000000db2d800000)]
  0x0000024678177800 JavaThread "jar transforms Thread 37" [_thread_blocked, id=888, stack(0x000000db2d600000,0x000000db2d700000)]
  0x000002467817e800 JavaThread "jar transforms Thread 36" [_thread_blocked, id=32704, stack(0x000000db2d500000,0x000000db2d600000)]
  0x0000024678176800 JavaThread "jar transforms Thread 35" [_thread_blocked, id=12984, stack(0x000000db2d400000,0x000000db2d500000)]
  0x000002467817d000 JavaThread "jar transforms Thread 34" [_thread_blocked, id=3028, stack(0x000000db2d300000,0x000000db2d400000)]
  0x0000024678176000 JavaThread "jar transforms Thread 33" [_thread_blocked, id=20472, stack(0x000000db2d200000,0x000000db2d300000)]
  0x0000024678179800 JavaThread "jar transforms Thread 32" [_thread_blocked, id=29724, stack(0x000000db2d100000,0x000000db2d200000)]
  0x0000024679d5b000 JavaThread "jar transforms Thread 31" [_thread_blocked, id=13232, stack(0x000000db2d000000,0x000000db2d100000)]
  0x0000024679d5a000 JavaThread "jar transforms Thread 30" [_thread_blocked, id=27052, stack(0x000000db2cf00000,0x000000db2d000000)]
  0x0000024679d59800 JavaThread "jar transforms Thread 29" [_thread_blocked, id=31004, stack(0x000000db2ce00000,0x000000db2cf00000)]
  0x0000024679d5f800 JavaThread "jar transforms Thread 28" [_thread_blocked, id=6964, stack(0x000000db2cd00000,0x000000db2ce00000)]
  0x0000024679d5c800 JavaThread "jar transforms Thread 27" [_thread_blocked, id=30784, stack(0x000000db2cc00000,0x000000db2cd00000)]
  0x0000024679d5f000 JavaThread "jar transforms Thread 26" [_thread_blocked, id=27576, stack(0x000000db2cb00000,0x000000db2cc00000)]
  0x0000024679d5e000 JavaThread "jar transforms Thread 25" [_thread_blocked, id=956, stack(0x000000db2ca00000,0x000000db2cb00000)]
  0x0000024679d58800 JavaThread "jar transforms Thread 24" [_thread_blocked, id=24484, stack(0x000000db2c900000,0x000000db2ca00000)]
  0x0000024679d5d800 JavaThread "jar transforms Thread 23" [_thread_blocked, id=30256, stack(0x000000db2c800000,0x000000db2c900000)]
  0x0000024679d5b800 JavaThread "jar transforms Thread 22" [_thread_blocked, id=22860, stack(0x000000db2c700000,0x000000db2c800000)]
  0x0000024679d52800 JavaThread "jar transforms Thread 21" [_thread_blocked, id=24156, stack(0x000000db2c600000,0x000000db2c700000)]
  0x0000024679d51800 JavaThread "jar transforms Thread 20" [_thread_blocked, id=30908, stack(0x000000db2c500000,0x000000db2c600000)]
  0x0000024679d56000 JavaThread "jar transforms Thread 19" [_thread_blocked, id=288, stack(0x000000db2c400000,0x000000db2c500000)]
  0x0000024679d55800 JavaThread "jar transforms Thread 18" [_thread_blocked, id=11280, stack(0x000000db2c300000,0x000000db2c400000)]
  0x0000024679d54800 JavaThread "jar transforms Thread 17" [_thread_blocked, id=23184, stack(0x000000db2c200000,0x000000db2c300000)]
  0x0000024679d50800 JavaThread "jar transforms Thread 16" [_thread_blocked, id=4792, stack(0x000000db2c100000,0x000000db2c200000)]
  0x0000024679d58000 JavaThread "jar transforms Thread 15" [_thread_blocked, id=3296, stack(0x000000db2c000000,0x000000db2c100000)]
  0x0000024679d54000 JavaThread "jar transforms Thread 14" [_thread_blocked, id=33200, stack(0x000000db2bf00000,0x000000db2c000000)]
  0x0000024679d53000 JavaThread "jar transforms Thread 13" [_thread_blocked, id=32336, stack(0x000000db2be00000,0x000000db2bf00000)]
  0x0000024679d57000 JavaThread "jar transforms Thread 12" [_thread_blocked, id=20820, stack(0x000000db2bd00000,0x000000db2be00000)]
  0x000002467d2bf000 JavaThread "jar transforms Thread 11" [_thread_blocked, id=3060, stack(0x000000db2bc00000,0x000000db2bd00000)]
  0x000002467d2be000 JavaThread "jar transforms Thread 10" [_thread_blocked, id=19116, stack(0x000000db2bb00000,0x000000db2bc00000)]
  0x000002467d2bd800 JavaThread "jar transforms Thread 9" [_thread_blocked, id=30428, stack(0x000000db2ba00000,0x000000db2bb00000)]
  0x000002467d2b9800 JavaThread "jar transforms Thread 8" [_thread_blocked, id=23600, stack(0x000000db2b900000,0x000000db2ba00000)]
  0x000002467d2b8800 JavaThread "jar transforms Thread 7" [_thread_blocked, id=29480, stack(0x000000db2b800000,0x000000db2b900000)]
  0x000002467d2bc000 JavaThread "jar transforms Thread 6" [_thread_blocked, id=30360, stack(0x000000db2b700000,0x000000db2b800000)]
  0x000002467d2bc800 JavaThread "jar transforms Thread 5" [_thread_blocked, id=27220, stack(0x000000db2b600000,0x000000db2b700000)]
  0x000002467d2b5000 JavaThread "jar transforms Thread 4" [_thread_blocked, id=28908, stack(0x000000db2b500000,0x000000db2b600000)]
  0x000002467d2bb000 JavaThread "jar transforms Thread 3" [_thread_blocked, id=27644, stack(0x000000db2b400000,0x000000db2b500000)]
  0x000002467d2ba800 JavaThread "jar transforms Thread 2" [_thread_blocked, id=31728, stack(0x000000db2b300000,0x000000db2b400000)]
  0x000002467d2b1000 JavaThread "Build operations Thread 8" [_thread_blocked, id=29432, stack(0x000000db2b200000,0x000000db2b300000)]
  0x000002467d2b8000 JavaThread "Build operations Thread 7" [_thread_blocked, id=24624, stack(0x000000db2b100000,0x000000db2b200000)]
  0x000002467d2b4000 JavaThread "Build operations Thread 6" [_thread_blocked, id=2604, stack(0x000000db2b000000,0x000000db2b100000)]
  0x000002467d2b6800 JavaThread "Build operations Thread 5" [_thread_blocked, id=23604, stack(0x000000db2af00000,0x000000db2b000000)]
  0x000002467d2b5800 JavaThread "Build operations Thread 4" [_thread_blocked, id=14228, stack(0x000000db2ae00000,0x000000db2af00000)]
  0x000002467d2b2800 JavaThread "Build operations Thread 3" [_thread_blocked, id=4548, stack(0x000000db2ad00000,0x000000db2ae00000)]
  0x000002467d2b3000 JavaThread "Build operations Thread 2" [_thread_blocked, id=23684, stack(0x000000db2ac00000,0x000000db2ad00000)]
  0x000002467d2b0000 JavaThread "Build operations" [_thread_blocked, id=23680, stack(0x000000db2ab00000,0x000000db2ac00000)]
  0x0000024677648800 JavaThread "Cache worker for file content cache (C:\Users\osuni\.gradle\caches\6.5\fileContent)" [_thread_blocked, id=24832, stack(0x000000db2aa00000,0x000000db2ab00000)]
  0x0000024677647800 JavaThread "jar transforms" [_thread_blocked, id=28644, stack(0x000000db2a900000,0x000000db2aa00000)]
  0x0000024677647000 JavaThread "Cache worker for execution history cache (C:\Users\osuni\.gradle\caches\6.5\executionHistory)" [_thread_blocked, id=30716, stack(0x000000db2a800000,0x000000db2a900000)]
  0x0000024677646000 JavaThread "Cache worker for cache directory md-rule (C:\Users\osuni\.gradle\caches\6.5\md-rule)" [_thread_blocked, id=32912, stack(0x000000db2a700000,0x000000db2a800000)]
  0x0000024677644800 JavaThread "Cache worker for cache directory md-supplier (C:\Users\osuni\.gradle\caches\6.5\md-supplier)" [_thread_blocked, id=16024, stack(0x000000db2a600000,0x000000db2a700000)]
  0x0000024677645000 JavaThread "Cache worker for checksums cache (C:\Users\osuni\StudioProjects\tesla-dashboard\android\.gradle\checksums)" [_thread_blocked, id=22128, stack(0x000000db2a500000,0x000000db2a600000)]
  0x0000024677643800 JavaThread "Cache worker for file hash cache (C:\Users\osuni\StudioProjects\tesla-dashboard\android\.gradle\6.5\fileHashes)" [_thread_blocked, id=6528, stack(0x000000db2a400000,0x000000db2a500000)]
  0x000002467764a800 JavaThread "Cache worker for file hash cache (C:\Users\osuni\.gradle\caches\6.5\fileHashes)" [_thread_blocked, id=8832, stack(0x000000db2a300000,0x000000db2a400000)]
  0x000002467764a000 JavaThread "File lock request listener" [_thread_in_native, id=1444, stack(0x000000db2a200000,0x000000db2a300000)]
  0x0000024677649000 JavaThread "Cache worker for journal cache (C:\Users\osuni\.gradle\caches\journal-1)" [_thread_blocked, id=14148, stack(0x000000db2a100000,0x000000db2a200000)]
  0x0000024677576800 JavaThread "Thread-9" [_thread_blocked, id=13096, stack(0x000000db2a000000,0x000000db2a100000)]
  0x00000246775c4000 JavaThread "Stdin handler" [_thread_blocked, id=31472, stack(0x000000db29f00000,0x000000db2a000000)]
  0x0000024677542000 JavaThread "Asynchronous log dispatcher for DefaultDaemonConnection: socket connection from /127.0.0.1:57949 to /127.0.0.1:57950" [_thread_blocked, id=7804, stack(0x000000db29e00000,0x000000db29f00000)]
  0x0000024677540000 JavaThread "Daemon worker" [_thread_in_Java, id=31668, stack(0x000000db29d00000,0x000000db29e00000)]
  0x0000024677580000 JavaThread "Cancel handler" [_thread_blocked, id=9432, stack(0x000000db29c00000,0x000000db29d00000)]
  0x0000024677533800 JavaThread "Handler for socket connection from /127.0.0.1:57949 to /127.0.0.1:57950" [_thread_in_native, id=33184, stack(0x000000db29b00000,0x000000db29c00000)]
  0x0000024677597800 JavaThread "Daemon" [_thread_blocked, id=32132, stack(0x000000db29a00000,0x000000db29b00000)]
  0x00000246773f7000 JavaThread "Daemon periodic checks" [_thread_blocked, id=31088, stack(0x000000db29900000,0x000000db29a00000)]
  0x0000024677432000 JavaThread "Incoming local TCP Connector on port 57949" [_thread_in_native, id=18704, stack(0x000000db29800000,0x000000db29900000)]
  0x00000246773b8800 JavaThread "Daemon health stats" [_thread_blocked, id=4712, stack(0x000000db29500000,0x000000db29600000)]
  0x00000246756f8800 JavaThread "Service Thread" daemon [_thread_blocked, id=11804, stack(0x000000db29300000,0x000000db29400000)]
  0x000002467433a800 JavaThread "C1 CompilerThread3" daemon [_thread_blocked, id=23520, stack(0x000000db29200000,0x000000db29300000)]
  0x0000024674337000 JavaThread "C2 CompilerThread2" daemon [_thread_in_native, id=27396, stack(0x000000db29100000,0x000000db29200000)]
=>0x000002467432b800 JavaThread "C2 CompilerThread1" daemon [_thread_in_native, id=24656, stack(0x000000db29000000,0x000000db29100000)]
  0x000002467432a000 JavaThread "C2 CompilerThread0" daemon [_thread_in_native, id=23144, stack(0x000000db28f00000,0x000000db29000000)]
  0x000002467431e000 JavaThread "Attach Listener" daemon [_thread_blocked, id=33132, stack(0x000000db28e00000,0x000000db28f00000)]
  0x000002467431d000 JavaThread "Signal Dispatcher" daemon [_thread_blocked, id=25496, stack(0x000000db28d00000,0x000000db28e00000)]
  0x00000246736de000 JavaThread "Finalizer" daemon [_thread_blocked, id=22328, stack(0x000000db28c00000,0x000000db28d00000)]
  0x00000246742ea000 JavaThread "Reference Handler" daemon [_thread_blocked, id=16828, stack(0x000000db28b00000,0x000000db28c00000)]
  0x000002465d5f8800 JavaThread "main" [_thread_blocked, id=33616, stack(0x000000db28100000,0x000000db28200000)]

Other Threads:
  0x00000246742c5800 VMThread [stack: 0x000000db28a00000,0x000000db28b00000] [id=17536]
  0x00000246756f9000 WatcherThread [stack: 0x000000db29400000,0x000000db29500000] [id=13244]

VM state:not at safepoint (normal execution)

VM Mutex/Monitor currently owned by a thread: None

heap address: 0x0000000080000000, size: 2048 MB, Compressed Oops mode: 32-bit
Narrow klass base: 0x0000000000000000, Narrow klass shift: 3
Compressed class space size: 1073741824 Address: 0x0000000100000000

Heap:
 PSYoungGen      total 210944K, used 110073K [0x00000000d5580000, 0x00000000e9a00000, 0x0000000100000000)
  eden space 189440K, 58% used [0x00000000d5580000,0x00000000dc0fe648,0x00000000e0e80000)
  from space 21504K, 0% used [0x00000000e2600000,0x00000000e2600000,0x00000000e3b00000)
  to   space 24064K, 0% used [0x00000000e0e80000,0x00000000e0e80000,0x00000000e2600000)
 ParOldGen       total 465408K, used 38194K [0x0000000080000000, 0x000000009c680000, 0x00000000d5580000)
  object space 465408K, 8% used [0x0000000080000000,0x000000008254ca08,0x000000009c680000)
 Metaspace       used 64938K, capacity 67424K, committed 67712K, reserved 1110016K
  class space    used 9085K, capacity 9562K, committed 9600K, reserved 1048576K

Card table byte_map: [0x000002466e2f0000,0x000002466e700000] byte_map_base: 0x000002466def0000

Marking Bits: (ParMarkBitMap*) 0x000000006bfe1860
 Begin Bits: [0x000002466e9b0000, 0x00000246709b0000)
 End Bits:   [0x00000246709b0000, 0x00000246729b0000)

Polling page: 0x000002465d8e0000

CodeCache: size=245760Kb used=18924Kb max_used=18924Kb free=226835Kb
 bounds [0x000002465ef30000, 0x00000246601c0000, 0x000002466df30000]
 total_blobs=6315 nmethods=5512 adapters=715
 compilation: enabled

Compilation events (10 events):
Event: 9.328 Thread 0x000002467433a800 5962       1       org.gradle.internal.instantiation.generator.AbstractClassGenerator$ExtensibleTypePropertyHandler::access$1300 (5 bytes)
Event: 9.328 Thread 0x000002467433a800 nmethod 5962 0x00000246601aff50 code [0x00000246601b00a0, 0x00000246601b0198]
Event: 9.333 Thread 0x000002467433a800 5963       3       java.util.HashMap::put (13 bytes)
Event: 9.333 Thread 0x000002467433a800 nmethod 5963 0x00000246601b0210 code [0x00000246601b03a0, 0x00000246601b0760]
Event: 9.333 Thread 0x000002467433a800 5964       3       java.util.HashMap::comparableClassFor (105 bytes)
Event: 9.333 Thread 0x000002467433a800 nmethod 5964 0x00000246601b0890 code [0x00000246601b0aa0, 0x00000246601b1690]
Event: 9.334 Thread 0x000002467433a800 5965       3       org.gradle.internal.instantiation.generator.AbstractClassGenerator$DslMixInPropertyType::addSetMethods (180 bytes)
Event: 9.336 Thread 0x000002467433a800 nmethod 5965 0x00000246601b1a10 code [0x00000246601b1d20, 0x00000246601b3570]
Event: 9.336 Thread 0x000002467433a800 5966       3       org.gradle.api.internal.tasks.DefaultTaskDependency::<init> (9 bytes)
Event: 9.336 Thread 0x000002467433a800 nmethod 5966 0x00000246601b4090 code [0x00000246601b4200, 0x00000246601b44f8]

GC Heap History (10 events):
Event: 5.559 GC heap before
{Heap before GC invocations=5 (full 1):
 PSYoungGen      total 152576K, used 55742K [0x00000000d5580000, 0x00000000e3b00000, 0x0000000100000000)
  eden space 131072K, 31% used [0x00000000d5580000,0x00000000d7e1ba30,0x00000000dd580000)
  from space 21504K, 65% used [0x00000000dd580000,0x00000000de353fc8,0x00000000dea80000)
  to   space 21504K, 0% used [0x00000000e2600000,0x00000000e2600000,0x00000000e3b00000)
 ParOldGen       total 219648K, used 13199K [0x0000000080000000, 0x000000008d680000, 0x00000000d5580000)
  object space 219648K, 6% used [0x0000000080000000,0x0000000080ce3c78,0x000000008d680000)
 Metaspace       used 34347K, capacity 35444K, committed 35496K, reserved 1079296K
  class space    used 4836K, capacity 5097K, committed 5120K, reserved 1048576K
Event: 5.577 GC heap after
Heap after GC invocations=5 (full 1):
 PSYoungGen      total 213504K, used 8964K [0x00000000d5580000, 0x00000000e4d00000, 0x0000000100000000)
  eden space 192000K, 0% used [0x00000000d5580000,0x00000000d5580000,0x00000000e1100000)
  from space 21504K, 41% used [0x00000000e2600000,0x00000000e2ec1030,0x00000000e3b00000)
  to   space 21504K, 0% used [0x00000000e1100000,0x00000000e1100000,0x00000000e2600000)
 ParOldGen       total 219648K, used 13207K [0x0000000080000000, 0x000000008d680000, 0x00000000d5580000)
  object space 219648K, 6% used [0x0000000080000000,0x0000000080ce5c78,0x000000008d680000)
 Metaspace       used 34347K, capacity 35444K, committed 35496K, reserved 1079296K
  class space    used 4836K, capacity 5097K, committed 5120K, reserved 1048576K
}
Event: 5.577 GC heap before
{Heap before GC invocations=6 (full 2):
 PSYoungGen      total 213504K, used 8964K [0x00000000d5580000, 0x00000000e4d00000, 0x0000000100000000)
  eden space 192000K, 0% used [0x00000000d5580000,0x00000000d5580000,0x00000000e1100000)
  from space 21504K, 41% used [0x00000000e2600000,0x00000000e2ec1030,0x00000000e3b00000)
  to   space 21504K, 0% used [0x00000000e1100000,0x00000000e1100000,0x00000000e2600000)
 ParOldGen       total 219648K, used 13207K [0x0000000080000000, 0x000000008d680000, 0x00000000d5580000)
  object space 219648K, 6% used [0x0000000080000000,0x0000000080ce5c78,0x000000008d680000)
 Metaspace       used 34347K, capacity 35444K, committed 35496K, reserved 1079296K
  class space    used 4836K, capacity 5097K, committed 5120K, reserved 1048576K
Event: 5.623 GC heap after
Heap after GC invocations=6 (full 2):
 PSYoungGen      total 213504K, used 0K [0x00000000d5580000, 0x00000000e4d00000, 0x0000000100000000)
  eden space 192000K, 0% used [0x00000000d5580000,0x00000000d5580000,0x00000000e1100000)
  from space 21504K, 0% used [0x00000000e2600000,0x00000000e2600000,0x00000000e3b00000)
  to   space 21504K, 0% used [0x00000000e1100000,0x00000000e1100000,0x00000000e2600000)
 ParOldGen       total 320512K, used 15510K [0x0000000080000000, 0x0000000093900000, 0x00000000d5580000)
  object space 320512K, 4% used [0x0000000080000000,0x0000000080f25898,0x0000000093900000)
 Metaspace       used 34347K, capacity 35444K, committed 35496K, reserved 1079296K
  class space    used 4836K, capacity 5097K, committed 5120K, reserved 1048576K
}
Event: 6.687 GC heap before
{Heap before GC invocations=7 (full 2):
 PSYoungGen      total 213504K, used 192000K [0x00000000d5580000, 0x00000000e4d00000, 0x0000000100000000)
  eden space 192000K, 100% used [0x00000000d5580000,0x00000000e1100000,0x00000000e1100000)
  from space 21504K, 0% used [0x00000000e2600000,0x00000000e2600000,0x00000000e3b00000)
  to   space 21504K, 0% used [0x00000000e1100000,0x00000000e1100000,0x00000000e2600000)
 ParOldGen       total 320512K, used 15510K [0x0000000080000000, 0x0000000093900000, 0x00000000d5580000)
  object space 320512K, 4% used [0x0000000080000000,0x0000000080f25898,0x0000000093900000)
 Metaspace       used 44281K, capacity 46180K, committed 46464K, reserved 1089536K
  class space    used 6126K, capacity 6498K, committed 6528K, reserved 1048576K
Event: 6.696 GC heap after
Heap after GC invocations=7 (full 2):
 PSYoungGen      total 213504K, used 13816K [0x00000000d5580000, 0x00000000e4d00000, 0x0000000100000000)
  eden space 192000K, 0% used [0x00000000d5580000,0x00000000d5580000,0x00000000e1100000)
  from space 21504K, 64% used [0x00000000e1100000,0x00000000e1e7e280,0x00000000e2600000)
  to   space 21504K, 0% used [0x00000000e2600000,0x00000000e2600000,0x00000000e3b00000)
 ParOldGen       total 320512K, used 15518K [0x0000000080000000, 0x0000000093900000, 0x00000000d5580000)
  object space 320512K, 4% used [0x0000000080000000,0x0000000080f27898,0x0000000093900000)
 Metaspace       used 44281K, capacity 46180K, committed 46464K, reserved 1089536K
  class space    used 6126K, capacity 6498K, committed 6528K, reserved 1048576K
}
Event: 8.407 GC heap before
{Heap before GC invocations=8 (full 2):
 PSYoungGen      total 213504K, used 179400K [0x00000000d5580000, 0x00000000e4d00000, 0x0000000100000000)
  eden space 192000K, 86% used [0x00000000d5580000,0x00000000df733f38,0x00000000e1100000)
  from space 21504K, 64% used [0x00000000e1100000,0x00000000e1e7e280,0x00000000e2600000)
  to   space 21504K, 0% used [0x00000000e2600000,0x00000000e2600000,0x00000000e3b00000)
 ParOldGen       total 320512K, used 15518K [0x0000000080000000, 0x0000000093900000, 0x00000000d5580000)
  object space 320512K, 4% used [0x0000000080000000,0x0000000080f27898,0x0000000093900000)
 Metaspace       used 56890K, capacity 59080K, committed 59160K, reserved 1099776K
  class space    used 7821K, capacity 8245K, committed 8320K, reserved 1048576K
Event: 8.425 GC heap after
Heap after GC invocations=8 (full 2):
 PSYoungGen      total 210944K, used 21480K [0x00000000d5580000, 0x00000000e9a00000, 0x0000000100000000)
  eden space 189440K, 0% used [0x00000000d5580000,0x00000000d5580000,0x00000000e0e80000)
  from space 21504K, 99% used [0x00000000e2600000,0x00000000e3afa340,0x00000000e3b00000)
  to   space 24064K, 0% used [0x00000000e0e80000,0x00000000e0e80000,0x00000000e2600000)
 ParOldGen       total 320512K, used 19911K [0x0000000080000000, 0x0000000093900000, 0x00000000d5580000)
  object space 320512K, 6% used [0x0000000080000000,0x0000000081371d78,0x0000000093900000)
 Metaspace       used 56890K, capacity 59080K, committed 59160K, reserved 1099776K
  class space    used 7821K, capacity 8245K, committed 8320K, reserved 1048576K
}
Event: 8.425 GC heap before
{Heap before GC invocations=9 (full 3):
 PSYoungGen      total 210944K, used 21480K [0x00000000d5580000, 0x00000000e9a00000, 0x0000000100000000)
  eden space 189440K, 0% used [0x00000000d5580000,0x00000000d5580000,0x00000000e0e80000)
  from space 21504K, 99% used [0x00000000e2600000,0x00000000e3afa340,0x00000000e3b00000)
  to   space 24064K, 0% used [0x00000000e0e80000,0x00000000e0e80000,0x00000000e2600000)
 ParOldGen       total 320512K, used 19911K [0x0000000080000000, 0x0000000093900000, 0x00000000d5580000)
  object space 320512K, 6% used [0x0000000080000000,0x0000000081371d78,0x0000000093900000)
 Metaspace       used 56890K, capacity 59080K, committed 59160K, reserved 1099776K
  class space    used 7821K, capacity 8245K, committed 8320K, reserved 1048576K
Event: 8.561 GC heap after
Heap after GC invocations=9 (full 3):
 PSYoungGen      total 210944K, used 0K [0x00000000d5580000, 0x00000000e9a00000, 0x0000000100000000)
  eden space 189440K, 0% used [0x00000000d5580000,0x00000000d5580000,0x00000000e0e80000)
  from space 21504K, 0% used [0x00000000e2600000,0x00000000e2600000,0x00000000e3b00000)
  to   space 24064K, 0% used [0x00000000e0e80000,0x00000000e0e80000,0x00000000e2600000)
 ParOldGen       total 465408K, used 38194K [0x0000000080000000, 0x000000009c680000, 0x00000000d5580000)
  object space 465408K, 8% used [0x0000000080000000,0x000000008254ca08,0x000000009c680000)
 Metaspace       used 56851K, capacity 58948K, committed 59160K, reserved 1099776K
  class space    used 7808K, capacity 8223K, committed 8320K, reserved 1048576K
}

Deoptimization events (10 events):
Event: 9.124 Thread 0x0000024677540000 Uncommon trap: reason=unstable_if action=reinterpret pc=0x000002465f51b1e8 method=java.util.regex.Pattern$BmpCharProperty.match(Ljava/util/regex/Matcher;ILjava/lang/CharSequence;)Z @ 34
Event: 9.129 Thread 0x0000024677540000 Uncommon trap: reason=unstable_if action=reinterpret pc=0x000002465fd37f6c method=com.sun.org.apache.xerces.internal.impl.XMLEntityScanner.scanLiteral(ILcom/sun/org/apache/xerces/internal/xni/XMLString;Z)I @ 660
Event: 9.137 Thread 0x0000024677540000 Uncommon trap: reason=unstable_if action=reinterpret pc=0x00000246600082b4 method=java.lang.CharacterDataLatin1.digit(II)I @ 82
Event: 9.145 Thread 0x0000024677540000 Uncommon trap: reason=unstable_if action=reinterpret pc=0x000002465f57f23c method=java.lang.CharacterDataLatin1.digit(II)I @ 82
Event: 9.145 Thread 0x0000024677540000 Uncommon trap: reason=unstable_if action=reinterpret pc=0x000002465fd37288 method=com.sun.org.apache.xerces.internal.util.SymbolTable.addSymbol([CII)Ljava/lang/String; @ 64
Event: 9.152 Thread 0x0000024677540000 Uncommon trap: reason=unstable_if action=reinterpret pc=0x000002465f8608d8 method=com.google.gson.stream.JsonReader.doPeek()I @ 315
Event: 9.161 Thread 0x0000024677540000 Uncommon trap: reason=class_check action=maybe_recompile pc=0x000002465f4b1654 method=java.lang.Throwable.<init>(Ljava/lang/String;Ljava/lang/Throwable;)V @ 24
Event: 9.161 Thread 0x0000024677540000 Uncommon trap: reason=class_check action=maybe_recompile pc=0x000002465f4b1654 method=java.lang.Throwable.<init>(Ljava/lang/String;Ljava/lang/Throwable;)V @ 24
Event: 9.210 Thread 0x0000024677540000 Uncommon trap: reason=class_check action=maybe_recompile pc=0x000002465f4b1654 method=java.lang.Throwable.<init>(Ljava/lang/String;Ljava/lang/Throwable;)V @ 24
Event: 9.332 Thread 0x0000024677540000 Uncommon trap: reason=unstable_if action=reinterpret pc=0x000002465f8c5280 method=java.util.HashMap.putVal(ILjava/lang/Object;Ljava/lang/Object;ZZ)Ljava/lang/Object; @ 109

Classes redefined (0 events):
No events

Internal exceptions (10 events):
Event: 8.785 Thread 0x0000024677540000 Exception <a 'java/lang/ClassNotFoundException': org/gradle/api/internal/file/CompositeFileTreeCustomizer> (0x00000000d709dc28) thrown at [C:\wsjdk\Corretto8Src\installers\windows\zip\corretto-build\buildRoot\src\hotspot\src\share\vm\classfile\systemDicti
Event: 8.785 Thread 0x0000024677540000 Exception <a 'java/lang/ClassNotFoundException': org/gradle/api/internal/file/collections/DefaultConfigurableFileTreeCustomizer> (0x00000000d70caa08) thrown at [C:\wsjdk\Corretto8Src\installers\windows\zip\corretto-build\buildRoot\src\hotspot\src\share\vm
Event: 8.823 Thread 0x0000024677540000 Implicit null exception at 0x0000024660025a19 to 0x0000024660025a9d
Event: 8.891 Thread 0x0000024677540000 Exception <a 'java/lang/NoSuchMethodError': java.lang.Object.lambda$static$0(Ljava/util/Set;Ljava/util/Set;)Z> (0x00000000d7d794c0) thrown at [C:\wsjdk\Corretto8Src\installers\windows\zip\corretto-build\buildRoot\src\hotspot\src\share\vm\interpreter\linkR
Event: 8.891 Thread 0x0000024677540000 Exception <a 'java/lang/NoSuchMethodError': java.lang.Object.lambda$static$1(Ljava/util/Set;Ljava/util/Set;)Z> (0x00000000d7d7c3a0) thrown at [C:\wsjdk\Corretto8Src\installers\windows\zip\corretto-build\buildRoot\src\hotspot\src\share\vm\interpreter\linkR
Event: 8.891 Thread 0x0000024677540000 Exception <a 'java/lang/NoSuchMethodError': java.lang.Object.lambda$static$2(Ljava/util/Set;Ljava/util/Set;)Z> (0x00000000d7d7eee8) thrown at [C:\wsjdk\Corretto8Src\installers\windows\zip\corretto-build\buildRoot\src\hotspot\src\share\vm\interpreter\linkR
Event: 8.897 Thread 0x0000024677540000 Exception <a 'java/lang/NoSuchMethodError': java.lang.Object.lambda$static$0(Lorg/gradle/api/internal/tasks/TaskDependencyResolveContext;)V> (0x00000000d7de90a8) thrown at [C:\wsjdk\Corretto8Src\installers\windows\zip\corretto-build\buildRoot\src\hotspot\
Event: 8.968 Thread 0x0000024677540000 Exception <a 'sun/nio/fs/WindowsException'> (0x00000000d87a7f58) thrown at [C:\wsjdk\Corretto8Src\installers\windows\zip\corretto-build\buildRoot\src\hotspot\src\share\vm\prims\jni.cpp, line 711]
Event: 8.992 Thread 0x0000024677540000 Exception <a 'java/lang/ClassNotFoundException': com/sun/org/glassfish/hk2/osgiresourcelocator/ServiceLoader> (0x00000000d8b97718) thrown at [C:\wsjdk\Corretto8Src\installers\windows\zip\corretto-build\buildRoot\src\hotspot\src\share\vm\classfile\systemDi
Event: 9.018 Thread 0x0000024677540000 Exception <a 'java/lang/NullPointerException'> (0x00000000d9109848) thrown at [C:\wsjdk\Corretto8Src\installers\windows\zip\corretto-build\buildRoot\src\hotspot\src\share\vm\interpreter\linkResolver.cpp, line 1287]

Events (10 events):
Event: 9.332 loading class org/gradle/api/internal/file/copy/CopyActionExecuter done
Event: 9.332 loading class org/gradle/api/file/DuplicatesStrategy
Event: 9.332 loading class org/gradle/api/file/DuplicatesStrategy done
Event: 9.332 loading class org/gradle/api/internal/file/copy/CopySpecInternal$CopySpecAddress
Event: 9.332 loading class org/gradle/api/internal/file/copy/CopySpecInternal$CopySpecAddress done
Event: 9.332 Thread 0x0000024677540000 Uncommon trap: trap_request=0xffffff65 fr.pc=0x000002465f8c5280
Event: 9.332 Thread 0x0000024677540000 DEOPT PACKING pc=0x000002465f8c5280 sp=0x000000db29df9830
Event: 9.332 Thread 0x0000024677540000 DEOPT UNPACKING pc=0x000002465ef75583 sp=0x000000db29df9738 mode 2
Event: 9.336 loading class org/gradle/api/internal/file/copy/DefaultCopySpec
Event: 9.336 loading class org/gradle/api/internal/file/copy/DefaultCopySpec done


Dynamic libraries:
0x00007ff61c510000 - 0x00007ff61c54a000 	C:\Users\osuni\.jdks\corretto-1.8.0_312\bin\java.exe
0x00007ff988e70000 - 0x00007ff989065000 	C:\WINDOWS\SYSTEM32\ntdll.dll
0x00007ff987620000 - 0x00007ff9876de000 	C:\WINDOWS\System32\KERNEL32.DLL
0x00007ff986be0000 - 0x00007ff986ea8000 	C:\WINDOWS\System32\KERNELBASE.dll
0x00007ff987c30000 - 0x00007ff987cdc000 	C:\WINDOWS\System32\ADVAPI32.dll
0x00007ff988d90000 - 0x00007ff988e2e000 	C:\WINDOWS\System32\msvcrt.dll
0x00007ff988c90000 - 0x00007ff988d2b000 	C:\WINDOWS\System32\sechost.dll
0x00007ff988510000 - 0x00007ff98863a000 	C:\WINDOWS\System32\RPCRT4.dll
0x00007ff988990000 - 0x00007ff988b31000 	C:\WINDOWS\System32\USER32.dll
0x00007ff9866c0000 - 0x00007ff9866e2000 	C:\WINDOWS\System32\win32u.dll
0x00007ff988c60000 - 0x00007ff988c8b000 	C:\WINDOWS\System32\GDI32.dll
0x00007ff9868d0000 - 0x00007ff9869dd000 	C:\WINDOWS\System32\gdi32full.dll
0x00007ff9869e0000 - 0x00007ff986a7d000 	C:\WINDOWS\System32\msvcp_win.dll
0x00007ff986a80000 - 0x00007ff986b80000 	C:\WINDOWS\System32\ucrtbase.dll
0x00007ff97cc40000 - 0x00007ff97ceda000 	C:\WINDOWS\WinSxS\amd64_microsoft.windows.common-controls_6595b64144ccf1df_6.0.19041.1110_none_60b5254171f9507e\COMCTL32.dll
0x00007ff987d00000 - 0x00007ff987d30000 	C:\WINDOWS\System32\IMM32.DLL
0x00007ff948760000 - 0x00007ff94884f000 	C:\Users\osuni\.jdks\corretto-1.8.0_312\jre\bin\msvcr120.dll
0x00007ff94d2b0000 - 0x00007ff94d356000 	C:\Users\osuni\.jdks\corretto-1.8.0_312\jre\bin\msvcp120.dll
0x000000006b7f0000 - 0x000000006c060000 	C:\Users\osuni\.jdks\corretto-1.8.0_312\jre\bin\server\jvm.dll
0x00007ff987ce0000 - 0x00007ff987ce8000 	C:\WINDOWS\System32\PSAPI.DLL
0x00007ff981410000 - 0x00007ff98141a000 	C:\WINDOWS\SYSTEM32\VERSION.dll
0x00007ff97fd00000 - 0x00007ff97fd27000 	C:\WINDOWS\SYSTEM32\WINMM.dll
0x00007ff967df0000 - 0x00007ff967df9000 	C:\WINDOWS\SYSTEM32\WSOCK32.dll
0x00007ff9881a0000 - 0x00007ff98820b000 	C:\WINDOWS\System32\WS2_32.dll
0x00007ff974730000 - 0x00007ff97473f000 	C:\Users\osuni\.jdks\corretto-1.8.0_312\jre\bin\verify.dll
0x00007ff96c990000 - 0x00007ff96c9b9000 	C:\Users\osuni\.jdks\corretto-1.8.0_312\jre\bin\java.dll
0x00007ff96c970000 - 0x00007ff96c986000 	C:\Users\osuni\.jdks\corretto-1.8.0_312\jre\bin\zip.dll
0x00007ff986eb0000 - 0x00007ff9875f4000 	C:\WINDOWS\System32\SHELL32.dll
0x00007ff984690000 - 0x00007ff984e24000 	C:\WINDOWS\SYSTEM32\windows.storage.dll
0x00007ff987de0000 - 0x00007ff988135000 	C:\WINDOWS\System32\combase.dll
0x00007ff985fd0000 - 0x00007ff985ffe000 	C:\WINDOWS\SYSTEM32\Wldp.dll
0x00007ff9888e0000 - 0x00007ff98898d000 	C:\WINDOWS\System32\SHCORE.dll
0x00007ff9887f0000 - 0x00007ff988845000 	C:\WINDOWS\System32\shlwapi.dll
0x00007ff9864c0000 - 0x00007ff9864df000 	C:\WINDOWS\SYSTEM32\profapi.dll
0x00007ff96c5c0000 - 0x00007ff96c5da000 	C:\Users\osuni\.jdks\corretto-1.8.0_312\jre\bin\net.dll
0x00007ff985d30000 - 0x00007ff985d9a000 	C:\WINDOWS\system32\mswsock.dll
0x00007ff969ce0000 - 0x00007ff969cf2000 	C:\Users\osuni\.jdks\corretto-1.8.0_312\jre\bin\nio.dll
0x00007ff95c530000 - 0x00007ff95c557000 	C:\Users\osuni\.gradle\native\f6784746aeab05261644944871eae4fe03e0ef1612fff0a4a95f87b438bc6780\windows-amd64\native-platform.dll
0x00007ff973010000 - 0x00007ff97301d000 	C:\Users\osuni\.jdks\corretto-1.8.0_312\jre\bin\management.dll
0x00007ff985f20000 - 0x00007ff985f38000 	C:\WINDOWS\SYSTEM32\CRYPTSP.dll
0x00007ff985640000 - 0x00007ff985674000 	C:\WINDOWS\system32\rsaenh.dll
0x00007ff986850000 - 0x00007ff986877000 	C:\WINDOWS\System32\bcrypt.dll
0x00007ff986480000 - 0x00007ff9864ae000 	C:\WINDOWS\SYSTEM32\USERENV.dll
0x00007ff986630000 - 0x00007ff9866b3000 	C:\WINDOWS\System32\bcryptprimitives.dll
0x00007ff985f40000 - 0x00007ff985f4c000 	C:\WINDOWS\SYSTEM32\CRYPTBASE.dll
0x00007ff9859d0000 - 0x00007ff985a0b000 	C:\WINDOWS\SYSTEM32\IPHLPAPI.DLL
0x00007ff988500000 - 0x00007ff988508000 	C:\WINDOWS\System32\NSI.dll
0x00007ff980810000 - 0x00007ff980827000 	C:\WINDOWS\SYSTEM32\dhcpcsvc6.DLL
0x00007ff980530000 - 0x00007ff98054d000 	C:\WINDOWS\SYSTEM32\dhcpcsvc.DLL
0x00007ff985a20000 - 0x00007ff985aeb000 	C:\WINDOWS\SYSTEM32\DNSAPI.dll
0x00007ff981420000 - 0x00007ff98142b000 	C:\WINDOWS\SYSTEM32\WINNSI.DLL

VM Arguments:
jvm_args: -Xmx2048m -Dfile.encoding=UTF-8 -Duser.country=US -Duser.language=en -Duser.variant 
java_command: org.gradle.launcher.daemon.bootstrap.GradleDaemon 6.5
java_class_path (initial): C:\Users\osuni\.gradle\wrapper\dists\gradle-6.5-bin\6nifqtx7604sqp1q6g8wikw7p\gradle-6.5\lib\gradle-launcher-6.5.jar
Launcher Type: SUN_STANDARD

Environment Variables:
PATH=C:\Program Files (x86)\Razer\ChromaBroadcast\bin;C:\Program Files\Razer\ChromaBroadcast\bin;C:\Program Files\Oculus\Support\oculus-runtime;C:\Program Files (x86)\Razer Chroma SDK\bin;C:\Program Files\Razer Chroma SDK\bin;c:\program files\oculus\support\oculus-runtime;c:\program files (x86)\intel\icls client\;c:\program files\intel\icls client\;c:\windows\system32;c:\windows;c:\windows\system32\wbem;c:\windows\system32\windowspowershell\v1.0\;c:\program files (x86)\intel\intel(r) management engine components\dal;c:\program files\intel\intel(r) management engine components\dal;c:\program files (x86)\intel\intel(r) management engine components\ipt;c:\program files\intel\intel(r) management engine components\ipt;C:\Users\osuni\AppData\Local\Programs\Python\Python36\Scripts\;C:\Users\osuni\AppData\Local\Programs\Python\Python36\;C:\Users\osuni\AppData\Local\Microsoft\WindowsApps;C:\WINDOWS\system32;C:\WINDOWS;C:\WINDOWS\System32\Wbem;C:\WINDOWS\System32\WindowsPowerShell\v1.0\;C:\WINDOWS\System32\OpenSSH\;C:\Program Files\IDM Computer Solutions\UltraEdit;C:\Program Files\PuTTY\;C:\Users\osuni\AppData\Roaming\Dashlane\5.17.0.23881\bin\Firefox_Extension\{442718d9-475e-452a-b3e1-fb1ee16b8e9f}\components;C:\Users\osuni\AppData\Roaming\Dashlane\5.17.0.23881\ucrt;C:\Users\osuni\AppData\Roaming\Dashlane\5.17.0.23881\bin\Qt;C:\Users\osuni\AppData\Roaming\Dashlane\5.17.0.23881\bin\Ssl;C:\Program Files\dotnet\;C:\Program Files (x86)\NVIDIA Corporation\PhysX\Common;C:\Program Files\NVIDIA Corporation\NVIDIA NvDLISR;%SystemRoot%\system32;%SystemRoot%;%SystemRoot%\System32\Wbem;%SYSTEMROOT%\System32\WindowsPowerShell\v1.0\;%SYSTEMROOT%\System32\OpenSSH\;C:\Program Files\Git\cmd;C:\Android;C:\Windows\System32;C:\Users\osuni\AppData\Local\Programs\Python\Python36\Scripts\;C:\Users\osuni\AppData\Local\Programs\Python\Python36\;C:\Users\osuni\AppData\Local\Microsoft\WindowsApps;%DASHLANE_DLL_DIR%;
USERNAME=osuni
OS=Windows_NT
PROCESSOR_IDENTIFIER=Intel64 Family 6 Model 158 Stepping 9, GenuineIntel



---------------  S Y S T E M  ---------------

OS: Windows 10.0 , 64 bit Build 19041 (10.0.19041.1348)

CPU:total 8 (initial active 8) (4 cores per cpu, 2 threads per core) family 6 model 158 stepping 9, cmov, cx8, fxsr, mmx, sse, sse2, sse3, ssse3, sse4.1, sse4.2, popcnt, avx, avx2, aes, clmul, erms, rtm, 3dnowpref, lzcnt, ht, tsc, tscinvbit, bmi1, bmi2, adx

Memory: 4k page, physical 33407792k(10506008k free), swap 36479792k(5124k free)

vm_info: OpenJDK 64-Bit Server VM (25.312-b07) for windows-amd64 JRE (1.8.0_312-b07), built on Oct 14 2021 21:08:49 by "Administrator" with MS VC++ 12.0 (VS2013)

time: Thu Dec 02 10:21:13 2021
timezone: Pacific Standard Time
elapsed time: 9.352446 seconds (0d 0h 0m 9s)

