#
# There is insufficient memory for the Java Runtime Environment to continue.
# Native memory allocation (malloc) failed to allocate 65552 bytes for Chunk::new
# Possible reasons:
#   The system is out of physical RAM or swap space
#   The process is running with CompressedOops enabled, and the Java Heap may be blocking the growth of the native heap
# Possible solutions:
#   Reduce memory load on the system
#   Increase physical memory or swap space
#   Check if swap backing store is full
#   Decrease Java heap size (-Xmx/-Xms)
#   Decrease number of Java threads
#   Decrease Java thread stack sizes (-Xss)
#   Set larger code cache with -XX:ReservedCodeCacheSize=
#   JVM is running with Unscaled Compressed Oops mode in which the Java heap is
#     placed in the first 4GB address space. The Java Heap base address is the
#     maximum limit for the native heap growth. Please use -XX:HeapBaseMinAddress
#     to set the Java Heap base and to place the Java Heap above 4GB virtual address.
# This output file may be truncated or incomplete.
#
#  Out of Memory Error (allocation.cpp:389), pid=28468, tid=0x00000000000023a0
#
# JRE version: OpenJDK Runtime Environment (8.0_312-b07) (build 1.8.0_312-b07)
# Java VM: OpenJDK 64-Bit Server VM (25.312-b07 mixed mode windows-amd64 compressed oops)
# Failed to write core dump. Minidumps are not enabled by default on client versions of Windows
#

---------------  T H R E A D  ---------------

Current thread (0x0000024f7f31d800):  JavaThread "C2 CompilerThread0" daemon [_thread_in_native, id=9120, stack(0x0000005c2a700000,0x0000005c2a800000)]

Stack: [0x0000005c2a700000,0x0000005c2a800000]
[error occurred during error reporting (printing stack bounds), id 0xc0000005]

Native frames: (J=compiled Java code, j=interpreted, Vv=VM code, C=native code)


Current CompileTask:
C2: 684583 19621       4       org.gradle.api.internal.attributes.DefaultAttributesSchema$DefaultAttributeMatcher::matches (9 bytes)


---------------  P R O C E S S  ---------------

Java Threads: ( => current thread )
  0x0000024f0af72000 JavaThread "RMI TCP Connection(3)-127.0.0.1" daemon [_thread_in_native, id=27080, stack(0x0000005c35000000,0x0000005c35100000)]
  0x0000024f0af72800 JavaThread "RMI RenewClean-[127.0.0.1:17331,org.jetbrains.kotlin.daemon.common.LoopbackNetworkInterface$ClientLoopbackSocketFactory@59813ef2]" daemon [_thread_blocked, id=9700, stack(0x0000005c34e00000,0x0000005c34f00000)]
  0x0000024f0af71000 JavaThread "WorkerExecutor Queue" [_thread_blocked, id=31684, stack(0x0000005c34f00000,0x0000005c35000000)]
  0x0000024f0c07f000 JavaThread "Cache worker for execution history cache (C:\Users\osuni\StudioProjects\tesla-dashboard\android\.gradle\6.5\executionHistory)" [_thread_blocked, id=29892, stack(0x0000005c34700000,0x0000005c34800000)]
  0x0000024f0c085800 JavaThread "Execution worker for ':' Thread 7" [_thread_blocked, id=16336, stack(0x0000005c34600000,0x0000005c34700000)]
  0x0000024f0c084800 JavaThread "Execution worker for ':' Thread 6" [_thread_blocked, id=31708, stack(0x0000005c34500000,0x0000005c34600000)]
  0x0000024f0c084000 JavaThread "Execution worker for ':' Thread 5" [_thread_blocked, id=5616, stack(0x0000005c34400000,0x0000005c34500000)]
  0x0000024f0c086000 JavaThread "Execution worker for ':' Thread 4" [_thread_in_vm, id=2976, stack(0x0000005c34300000,0x0000005c34400000)]
  0x0000024f0c083000 JavaThread "Execution worker for ':' Thread 3" [_thread_blocked, id=8872, stack(0x0000005c34200000,0x0000005c34300000)]
  0x0000024f0c07c000 JavaThread "Execution worker for ':' Thread 2" [_thread_blocked, id=24652, stack(0x0000005c34000000,0x0000005c34100000)]
  0x0000024f0c07b000 JavaThread "Execution worker for ':'" [_thread_blocked, id=27948, stack(0x0000005c33f00000,0x0000005c34000000)]
  0x0000024f0c082800 JavaThread "Cache worker for file content cache (C:\Users\osuni\StudioProjects\tesla-dashboard\android\.gradle\6.5\fileContent)" [_thread_blocked, id=26096, stack(0x0000005c33e00000,0x0000005c33f00000)]
  0x0000024f0c07e800 JavaThread "pool-4-thread-1" [_thread_blocked, id=12480, stack(0x0000005c33d00000,0x0000005c33e00000)]
  0x0000024f0c081800 JavaThread "Cache worker for Build Output Cleanup Cache (C:\Users\osuni\StudioProjects\tesla-dashboard\android\.gradle\buildOutputCleanup)" [_thread_blocked, id=17316, stack(0x0000005c33c00000,0x0000005c33d00000)]
  0x0000024f0c080800 JavaThread "Build operations Thread 8" [_thread_blocked, id=7804, stack(0x0000005c2c600000,0x0000005c2c700000)]
  0x0000024f0c07a800 JavaThread "Build operations Thread 7" [_thread_blocked, id=23360, stack(0x0000005c2c500000,0x0000005c2c600000)]
  0x0000024f0c079000 JavaThread "Build operations Thread 6" [_thread_blocked, id=31128, stack(0x0000005c2c400000,0x0000005c2c500000)]
  0x0000024f0bf56000 JavaThread "Build operations Thread 5" [_thread_blocked, id=30180, stack(0x0000005c2c300000,0x0000005c2c400000)]
  0x0000024f0bf55800 JavaThread "Build operations Thread 4" [_thread_blocked, id=30496, stack(0x0000005c2c100000,0x0000005c2c200000)]
  0x0000024f0bf54800 JavaThread "Build operations Thread 3" [_thread_blocked, id=27304, stack(0x0000005c2bf00000,0x0000005c2c000000)]
  0x0000024f0bf57000 JavaThread "Build operations Thread 2" [_thread_blocked, id=10804, stack(0x0000005c2be00000,0x0000005c2bf00000)]
  0x0000024f0bf54000 JavaThread "Build operations" [_thread_blocked, id=27608, stack(0x0000005c2bd00000,0x0000005c2be00000)]
  0x0000024f0bf53000 JavaThread "Cache worker for cache directory md-rule (C:\Users\osuni\.gradle\caches\6.5\md-rule)" [_thread_blocked, id=29980, stack(0x0000005c2bc00000,0x0000005c2bd00000)]
  0x0000024f0bf52800 JavaThread "Cache worker for cache directory md-supplier (C:\Users\osuni\.gradle\caches\6.5\md-supplier)" [_thread_blocked, id=11776, stack(0x0000005c2b800000,0x0000005c2b900000)]
  0x0000024f0bf4a800 JavaThread "Cache worker for checksums cache (C:\Users\osuni\StudioProjects\tesla-dashboard\android\.gradle\checksums)" [_thread_blocked, id=31480, stack(0x0000005c2b700000,0x0000005c2b800000)]
  0x0000024f0bf4d000 JavaThread "Cache worker for file hash cache (C:\Users\osuni\StudioProjects\tesla-dashboard\android\.gradle\6.5\fileHashes)" [_thread_blocked, id=5684, stack(0x0000005c2b600000,0x0000005c2b700000)]
  0x0000024f0bf51800 JavaThread "Thread-314" [_thread_blocked, id=30056, stack(0x0000005c2b500000,0x0000005c2b600000)]
  0x0000024f0bf4e800 JavaThread "Stdin handler" [_thread_blocked, id=30036, stack(0x0000005c2b400000,0x0000005c2b500000)]
  0x0000024f0bf4b000 JavaThread "Asynchronous log dispatcher for DefaultDaemonConnection: socket connection from /127.0.0.1:56499 to /127.0.0.1:49742" [_thread_blocked, id=30592, stack(0x0000005c2b300000,0x0000005c2b400000)]
  0x0000024f0bf49800 JavaThread "Cancel handler" [_thread_blocked, id=30920, stack(0x0000005c29800000,0x0000005c29900000)]
  0x0000024f0bf4d800 JavaThread "Handler for socket connection from /127.0.0.1:56499 to /127.0.0.1:49742" [_thread_in_native, id=16220, stack(0x0000005c29700000,0x0000005c29800000)]
  0x0000024f0bf50800 JavaThread "RMI TCP Connection(2)-127.0.0.1" daemon [_thread_in_native, id=31364, stack(0x0000005c34d00000,0x0000005c34e00000)]
  0x0000024f0bf50000 JavaThread "RMI Reaper" [_thread_blocked, id=31524, stack(0x0000005c34c00000,0x0000005c34d00000)]
  0x0000024f0bf4c000 JavaThread "RMI TCP Accept-0" daemon [_thread_in_native, id=31108, stack(0x0000005c34b00000,0x0000005c34c00000)]
  0x0000024f0bf48000 JavaThread "GC Daemon" daemon [_thread_blocked, id=3816, stack(0x0000005c34a00000,0x0000005c34b00000)]
  0x0000024f0bf49000 JavaThread "RMI RenewClean-[127.0.0.1:17272,org.jetbrains.kotlin.daemon.common.LoopbackNetworkInterface$ClientLoopbackSocketFactory@29529e8a]" daemon [_thread_blocked, id=31432, stack(0x0000005c34900000,0x0000005c34a00000)]
  0x0000024f0bf4f000 JavaThread "RMI Scheduler(0)" daemon [_thread_blocked, id=31156, stack(0x0000005c34800000,0x0000005c34900000)]
  0x0000024f0af6d000 JavaThread "jar transforms Thread 234" [_thread_blocked, id=26932, stack(0x0000005c33b00000,0x0000005c33c00000)]
  0x0000024f0af68800 JavaThread "jar transforms Thread 233" [_thread_blocked, id=9560, stack(0x0000005c33a00000,0x0000005c33b00000)]
  0x0000024f0af6c800 JavaThread "jar transforms Thread 232" [_thread_blocked, id=29684, stack(0x0000005c33900000,0x0000005c33a00000)]
  0x0000024f0af6f800 JavaThread "jar transforms Thread 231" [_thread_blocked, id=20584, stack(0x0000005c33800000,0x0000005c33900000)]
  0x0000024f0af6b800 JavaThread "jar transforms Thread 230" [_thread_blocked, id=25944, stack(0x0000005c33700000,0x0000005c33800000)]
  0x0000024f0af6e800 JavaThread "jar transforms Thread 229" [_thread_blocked, id=5932, stack(0x0000005c33600000,0x0000005c33700000)]
  0x0000024f0af6a000 JavaThread "jar transforms Thread 228" [_thread_blocked, id=4812, stack(0x0000005c33500000,0x0000005c33600000)]
  0x0000024f0af67000 JavaThread "jar transforms Thread 227" [_thread_blocked, id=9344, stack(0x0000005c33400000,0x0000005c33500000)]
  0x0000024f0af6e000 JavaThread "jar transforms Thread 226" [_thread_blocked, id=5888, stack(0x0000005c33300000,0x0000005c33400000)]
  0x0000024f0af65000 JavaThread "jar transforms Thread 225" [_thread_blocked, id=28156, stack(0x0000005c33200000,0x0000005c33300000)]
  0x0000024f0af66000 JavaThread "jar transforms Thread 224" [_thread_blocked, id=6096, stack(0x0000005c33100000,0x0000005c33200000)]
  0x0000024f0af67800 JavaThread "jar transforms Thread 223" [_thread_blocked, id=7636, stack(0x0000005c33000000,0x0000005c33100000)]
  0x0000024f0af6a800 JavaThread "jar transforms Thread 222" [_thread_blocked, id=11280, stack(0x0000005c32f00000,0x0000005c33000000)]
  0x0000024f0db78000 JavaThread "jar transforms Thread 221" [_thread_blocked, id=3600, stack(0x0000005c32e00000,0x0000005c32f00000)]
  0x0000024f0db77000 JavaThread "jar transforms Thread 220" [_thread_blocked, id=31328, stack(0x0000005c32d00000,0x0000005c32e00000)]
  0x0000024f0db75800 JavaThread "jar transforms Thread 219" [_thread_blocked, id=23240, stack(0x0000005c32c00000,0x0000005c32d00000)]
  0x0000024f0db7a800 JavaThread "jar transforms Thread 218" [_thread_blocked, id=30380, stack(0x0000005c32b00000,0x0000005c32c00000)]
  0x0000024f0db79800 JavaThread "jar transforms Thread 217" [_thread_blocked, id=27836, stack(0x0000005c32a00000,0x0000005c32b00000)]
  0x0000024f0db75000 JavaThread "jar transforms Thread 216" [_thread_blocked, id=29348, stack(0x0000005c32900000,0x0000005c32a00000)]
  0x0000024f0db79000 JavaThread "jar transforms Thread 215" [_thread_blocked, id=25988, stack(0x0000005c32800000,0x0000005c32900000)]
  0x0000024f0db7b000 JavaThread "jar transforms Thread 214" [_thread_blocked, id=28932, stack(0x0000005c32700000,0x0000005c32800000)]
  0x0000024f0db76800 JavaThread "jar transforms Thread 213" [_thread_blocked, id=5164, stack(0x0000005c32600000,0x0000005c32700000)]
  0x0000024f0db6d000 JavaThread "jar transforms Thread 212" [_thread_blocked, id=29068, stack(0x0000005c32500000,0x0000005c32600000)]
  0x0000024f0db6f800 JavaThread "jar transforms Thread 211" [_thread_blocked, id=31360, stack(0x0000005c32400000,0x0000005c32500000)]
  0x0000024f0db6e000 JavaThread "jar transforms Thread 210" [_thread_blocked, id=16504, stack(0x0000005c32300000,0x0000005c32400000)]
  0x0000024f0db71000 JavaThread "jar transforms Thread 209" [_thread_blocked, id=26704, stack(0x0000005c32200000,0x0000005c32300000)]
  0x0000024f0db74000 JavaThread "jar transforms Thread 208" [_thread_blocked, id=29392, stack(0x0000005c32100000,0x0000005c32200000)]
  0x0000024f0db6c000 JavaThread "jar transforms Thread 207" [_thread_blocked, id=29856, stack(0x0000005c32000000,0x0000005c32100000)]
  0x0000024f0db73800 JavaThread "jar transforms Thread 206" [_thread_blocked, id=30044, stack(0x0000005c31f00000,0x0000005c32000000)]
  0x0000024f0db70000 JavaThread "jar transforms Thread 205" [_thread_blocked, id=13040, stack(0x0000005c31e00000,0x0000005c31f00000)]
  0x0000024f0db71800 JavaThread "jar transforms Thread 204" [_thread_blocked, id=29992, stack(0x0000005c31d00000,0x0000005c31e00000)]
  0x0000024f0db72800 JavaThread "jar transforms Thread 203" [_thread_blocked, id=13012, stack(0x0000005c31c00000,0x0000005c31d00000)]
  0x0000024f0db6e800 JavaThread "jar transforms Thread 202" [_thread_blocked, id=14652, stack(0x0000005c31b00000,0x0000005c31c00000)]
  0x0000024f09c07800 JavaThread "jar transforms Thread 201" [_thread_blocked, id=28416, stack(0x0000005c31a00000,0x0000005c31b00000)]
  0x0000024f09c0b800 JavaThread "jar transforms Thread 200" [_thread_blocked, id=4272, stack(0x0000005c31900000,0x0000005c31a00000)]
  0x0000024f09c07000 JavaThread "jar transforms Thread 199" [_thread_blocked, id=11192, stack(0x0000005c31800000,0x0000005c31900000)]
  0x0000024f09c0a000 JavaThread "jar transforms Thread 198" [_thread_blocked, id=25356, stack(0x0000005c31700000,0x0000005c31800000)]
  0x0000024f09c0b000 JavaThread "jar transforms Thread 197" [_thread_blocked, id=30760, stack(0x0000005c31600000,0x0000005c31700000)]
  0x0000024f09c02000 JavaThread "jar transforms Thread 196" [_thread_blocked, id=31620, stack(0x0000005c31500000,0x0000005c31600000)]
  0x0000024f09c08800 JavaThread "jar transforms Thread 195" [_thread_blocked, id=31332, stack(0x0000005c31400000,0x0000005c31500000)]
  0x0000024f09c06000 JavaThread "jar transforms Thread 194" [_thread_blocked, id=30392, stack(0x0000005c31300000,0x0000005c31400000)]
  0x0000024f09c09800 JavaThread "jar transforms Thread 193" [_thread_blocked, id=29076, stack(0x0000005c31200000,0x0000005c31300000)]
  0x0000024f09c05800 JavaThread "jar transforms Thread 192" [_thread_blocked, id=16592, stack(0x0000005c31100000,0x0000005c31200000)]
  0x0000024f09c04800 JavaThread "jar transforms Thread 191" [_thread_blocked, id=14172, stack(0x0000005c31000000,0x0000005c31100000)]
  0x0000024f09c01800 JavaThread "jar transforms Thread 190" [_thread_blocked, id=28204, stack(0x0000005c30f00000,0x0000005c31000000)]
  0x0000024f09bfd800 JavaThread "jar transforms Thread 189" [_thread_blocked, id=29744, stack(0x0000005c30e00000,0x0000005c30f00000)]
  0x0000024f09c00800 JavaThread "jar transforms Thread 188" [_thread_blocked, id=21616, stack(0x0000005c30d00000,0x0000005c30e00000)]
  0x0000024f09c04000 JavaThread "jar transforms Thread 187" [_thread_blocked, id=24684, stack(0x0000005c30c00000,0x0000005c30d00000)]
  0x0000024f09bfe800 JavaThread "jar transforms Thread 186" [_thread_blocked, id=18468, stack(0x0000005c30b00000,0x0000005c30c00000)]
  0x0000024f09bfc800 JavaThread "jar transforms Thread 185" [_thread_blocked, id=11828, stack(0x0000005c30a00000,0x0000005c30b00000)]
  0x0000024f09c03000 JavaThread "jar transforms Thread 184" [_thread_blocked, id=3612, stack(0x0000005c30900000,0x0000005c30a00000)]
  0x0000024f09bff000 JavaThread "jar transforms Thread 183" [_thread_blocked, id=31032, stack(0x0000005c30800000,0x0000005c30900000)]
  0x0000024f09c00000 JavaThread "jar transforms Thread 182" [_thread_blocked, id=26968, stack(0x0000005c30700000,0x0000005c30800000)]
  0x0000024f0b3ff800 JavaThread "jar transforms Thread 181" [_thread_blocked, id=3096, stack(0x0000005c30600000,0x0000005c30700000)]
  0x0000024f0b3fe000 JavaThread "jar transforms Thread 180" [_thread_blocked, id=28636, stack(0x0000005c30500000,0x0000005c30600000)]
  0x0000024f0b3fc800 JavaThread "jar transforms Thread 179" [_thread_blocked, id=5412, stack(0x0000005c30400000,0x0000005c30500000)]
  0x0000024f0b3f9800 JavaThread "jar transforms Thread 178" [_thread_blocked, id=18048, stack(0x0000005c30300000,0x0000005c30400000)]
  0x0000024f0b3fb800 JavaThread "jar transforms Thread 177" [_thread_blocked, id=30864, stack(0x0000005c30200000,0x0000005c30300000)]
  0x0000024f0b3fd000 JavaThread "jar transforms Thread 176" [_thread_blocked, id=31028, stack(0x0000005c30100000,0x0000005c30200000)]
  0x0000024f0b3f8800 JavaThread "jar transforms Thread 175" [_thread_blocked, id=27564, stack(0x0000005c30000000,0x0000005c30100000)]
  0x0000024f0b3fb000 JavaThread "jar transforms Thread 174" [_thread_blocked, id=26332, stack(0x0000005c2ff00000,0x0000005c30000000)]
  0x0000024f0b3fa000 JavaThread "jar transforms Thread 173" [_thread_blocked, id=30236, stack(0x0000005c2fe00000,0x0000005c2ff00000)]
  0x0000024f0b3ff000 JavaThread "jar transforms Thread 172" [_thread_blocked, id=8720, stack(0x0000005c2fd00000,0x0000005c2fe00000)]
  0x0000024f060b7800 JavaThread "jar transforms Thread 171" [_thread_blocked, id=29808, stack(0x0000005c2fc00000,0x0000005c2fd00000)]
  0x0000024f060b6800 JavaThread "jar transforms Thread 170" [_thread_blocked, id=11312, stack(0x0000005c2fb00000,0x0000005c2fc00000)]
  0x0000024f060b8000 JavaThread "jar transforms Thread 169" [_thread_blocked, id=23136, stack(0x0000005c2fa00000,0x0000005c2fb00000)]
  0x0000024f060b9800 JavaThread "jar transforms Thread 168" [_thread_blocked, id=29356, stack(0x0000005c2f900000,0x0000005c2fa00000)]
  0x0000024f060b9000 JavaThread "jar transforms Thread 167" [_thread_blocked, id=29820, stack(0x0000005c2f800000,0x0000005c2f900000)]
  0x0000024f060bd000 JavaThread "jar transforms Thread 166" [_thread_blocked, id=24112, stack(0x0000005c2f700000,0x0000005c2f800000)]
  0x0000024f060bb000 JavaThread "jar transforms Thread 165" [_thread_blocked, id=18188, stack(0x0000005c2f600000,0x0000005c2f700000)]
  0x0000024f060ba800 JavaThread "jar transforms Thread 164" [_thread_blocked, id=31728, stack(0x0000005c2f500000,0x0000005c2f600000)]
  0x0000024f060b5800 JavaThread "jar transforms Thread 163" [_thread_blocked, id=27652, stack(0x0000005c2f400000,0x0000005c2f500000)]
  0x0000024f060bc000 JavaThread "jar transforms Thread 162" [_thread_blocked, id=13880, stack(0x0000005c2f300000,0x0000005c2f400000)]
  0x0000024f0533f800 JavaThread "jar transforms Thread 161" [_thread_blocked, id=9840, stack(0x0000005c2f200000,0x0000005c2f300000)]
  0x0000024f0533d000 JavaThread "jar transforms Thread 160" [_thread_blocked, id=29236, stack(0x0000005c2f100000,0x0000005c2f200000)]
  0x0000024f0533c800 JavaThread "jar transforms Thread 159" [_thread_blocked, id=3344, stack(0x0000005c2f000000,0x0000005c2f100000)]
  0x0000024f0533a000 JavaThread "jar transforms Thread 158" [_thread_blocked, id=25776, stack(0x0000005c2ef00000,0x0000005c2f000000)]
  0x0000024f0533e800 JavaThread "jar transforms Thread 157" [_thread_blocked, id=12972, stack(0x0000005c2ee00000,0x0000005c2ef00000)]
  0x0000024f0533e000 JavaThread "jar transforms Thread 156" [_thread_blocked, id=30104, stack(0x0000005c2ed00000,0x0000005c2ee00000)]
  0x0000024f05339000 JavaThread "jar transforms Thread 155" [_thread_blocked, id=18604, stack(0x0000005c2ec00000,0x0000005c2ed00000)]
  0x0000024f0533b800 JavaThread "jar transforms Thread 154" [_thread_blocked, id=9636, stack(0x0000005c2eb00000,0x0000005c2ec00000)]
  0x0000024f0533a800 JavaThread "jar transforms Thread 153" [_thread_blocked, id=12900, stack(0x0000005c2ea00000,0x0000005c2eb00000)]
  0x0000024f05332000 JavaThread "jar transforms Thread 152" [_thread_blocked, id=26388, stack(0x0000005c2e900000,0x0000005c2ea00000)]
  0x0000024f05331800 JavaThread "jar transforms Thread 151" [_thread_blocked, id=14660, stack(0x0000005c2e800000,0x0000005c2e900000)]
  0x0000024f05338800 JavaThread "jar transforms Thread 150" [_thread_blocked, id=30164, stack(0x0000005c2e700000,0x0000005c2e800000)]
  0x0000024f05330800 JavaThread "jar transforms Thread 149" [_thread_blocked, id=11508, stack(0x0000005c2e600000,0x0000005c2e700000)]
  0x0000024f05337800 JavaThread "jar transforms Thread 148" [_thread_blocked, id=29200, stack(0x0000005c2e500000,0x0000005c2e600000)]
  0x0000024f05333800 JavaThread "jar transforms Thread 147" [_thread_blocked, id=27060, stack(0x0000005c2e400000,0x0000005c2e500000)]
  0x0000024f05337000 JavaThread "jar transforms Thread 146" [_thread_blocked, id=31464, stack(0x0000005c2e300000,0x0000005c2e400000)]
  0x0000024f05336000 JavaThread "jar transforms Thread 145" [_thread_blocked, id=22032, stack(0x0000005c2e200000,0x0000005c2e300000)]
  0x0000024f05335000 JavaThread "jar transforms Thread 144" [_thread_blocked, id=30884, stack(0x0000005c2e100000,0x0000005c2e200000)]
  0x0000024f05334800 JavaThread "jar transforms Thread 143" [_thread_blocked, id=16036, stack(0x0000005c2e000000,0x0000005c2e100000)]
  0x0000024f05333000 JavaThread "jar transforms Thread 142" [_thread_blocked, id=29900, stack(0x0000005c2df00000,0x0000005c2e000000)]
  0x0000024f7f331000 JavaThread "jar transforms Thread 141" [_thread_blocked, id=26160, stack(0x0000005c2de00000,0x0000005c2df00000)]
  0x0000024f7f330000 JavaThread "jar transforms Thread 140" [_thread_blocked, id=14468, stack(0x0000005c2dd00000,0x0000005c2de00000)]
  0x0000024f7f32f000 JavaThread "jar transforms Thread 139" [_thread_blocked, id=8748, stack(0x0000005c2dc00000,0x0000005c2dd00000)]
  0x0000024f7f32c000 JavaThread "jar transforms Thread 138" [_thread_blocked, id=30060, stack(0x0000005c2db00000,0x0000005c2dc00000)]
  0x0000024f06d66800 JavaThread "jar transforms Thread 137" [_thread_blocked, id=30020, stack(0x0000005c2da00000,0x0000005c2db00000)]
  0x0000024f06d66000 JavaThread "jar transforms Thread 136" [_thread_blocked, id=12580, stack(0x0000005c2d900000,0x0000005c2da00000)]
  0x0000024f06d65000 JavaThread "jar transforms Thread 135" [_thread_blocked, id=5680, stack(0x0000005c2d800000,0x0000005c2d900000)]
  0x0000024f06d64800 JavaThread "jar transforms Thread 134" [_thread_blocked, id=28896, stack(0x0000005c2d700000,0x0000005c2d800000)]
  0x0000024f06d69000 JavaThread "jar transforms Thread 133" [_thread_blocked, id=30148, stack(0x0000005c2d600000,0x0000005c2d700000)]
  0x0000024f090d1800 JavaThread "jar transforms Thread 132" [_thread_blocked, id=30668, stack(0x0000005c2d500000,0x0000005c2d600000)]
  0x0000024f090d0800 JavaThread "jar transforms Thread 131" [_thread_blocked, id=31040, stack(0x0000005c2d400000,0x0000005c2d500000)]
  0x0000024f090d5800 JavaThread "jar transforms Thread 130" [_thread_blocked, id=8132, stack(0x0000005c2d300000,0x0000005c2d400000)]
  0x0000024f090d6000 JavaThread "jar transforms Thread 129" [_thread_blocked, id=23108, stack(0x0000005c2d200000,0x0000005c2d300000)]
  0x0000024f090ce800 JavaThread "jar transforms Thread 128" [_thread_blocked, id=30084, stack(0x0000005c2d100000,0x0000005c2d200000)]
  0x0000024f090cd800 JavaThread "jar transforms Thread 127" [_thread_blocked, id=4336, stack(0x0000005c2d000000,0x0000005c2d100000)]
  0x0000024f090d4800 JavaThread "jar transforms Thread 126" [_thread_blocked, id=8928, stack(0x0000005c2cf00000,0x0000005c2d000000)]
  0x0000024f090d4000 JavaThread "jar transforms Thread 125" [_thread_blocked, id=31656, stack(0x0000005c2ce00000,0x0000005c2cf00000)]
  0x0000024f090d3000 JavaThread "jar transforms Thread 124" [_thread_blocked, id=29832, stack(0x0000005c2cd00000,0x0000005c2ce00000)]
  0x0000024f090cc000 JavaThread "jar transforms Thread 123" [_thread_blocked, id=1684, stack(0x0000005c2cc00000,0x0000005c2cd00000)]
  0x0000024f090cb000 JavaThread "jar transforms Thread 122" [_thread_blocked, id=18776, stack(0x0000005c2cb00000,0x0000005c2cc00000)]
  0x0000024f090c9000 JavaThread "jar transforms Thread 121" [_thread_blocked, id=8616, stack(0x0000005c2ca00000,0x0000005c2cb00000)]
  0x0000024f090cf000 JavaThread "jar transforms Thread 120" [_thread_blocked, id=30624, stack(0x0000005c2c900000,0x0000005c2ca00000)]
  0x0000024f090d0000 JavaThread "jar transforms Thread 119" [_thread_blocked, id=30672, stack(0x0000005c2c800000,0x0000005c2c900000)]
  0x0000024f090cd000 JavaThread "jar transforms Thread 118" [_thread_blocked, id=26924, stack(0x0000005c2c700000,0x0000005c2c800000)]
  0x0000024f0c080000 JavaThread "Daemon worker Thread 2" [_thread_blocked, id=2100, stack(0x0000005c2b200000,0x0000005c2b300000)]
  0x0000024f0c07d000 JavaThread "Daemon Thread 2" [_thread_blocked, id=15196, stack(0x0000005c29600000,0x0000005c29700000)]
  0x0000024f0c079800 JavaThread "Memory manager" [_thread_blocked, id=9488, stack(0x0000005c34100000,0x0000005c34200000)]
  0x0000024f06d6a800 JavaThread "Cache worker for file content cache (C:\Users\osuni\.gradle\caches\6.5\fileContent)" [_thread_blocked, id=31548, stack(0x0000005c2c200000,0x0000005c2c300000)]
  0x0000024f7f329800 JavaThread "Cache worker for execution history cache (C:\Users\osuni\.gradle\caches\6.5\executionHistory)" [_thread_blocked, id=3060, stack(0x0000005c2c000000,0x0000005c2c100000)]
  0x0000024f7f32e800 JavaThread "Cache worker for file hash cache (C:\Users\osuni\.gradle\caches\6.5\fileHashes)" [_thread_blocked, id=14452, stack(0x0000005c2bb00000,0x0000005c2bc00000)]
  0x0000024f7f32a800 JavaThread "File lock request listener" [_thread_in_native, id=5504, stack(0x0000005c2ba00000,0x0000005c2bb00000)]
  0x0000024f7f32b800 JavaThread "Cache worker for journal cache (C:\Users\osuni\.gradle\caches\journal-1)" [_thread_blocked, id=10820, stack(0x0000005c2b900000,0x0000005c2ba00000)]
  0x0000024f06619800 JavaThread "Daemon periodic checks" [_thread_blocked, id=14868, stack(0x0000005c2b100000,0x0000005c2b200000)]
  0x0000024f06598800 JavaThread "Incoming local TCP Connector on port 56499" [_thread_in_native, id=14804, stack(0x0000005c2b000000,0x0000005c2b100000)]
  0x0000024f06500800 JavaThread "Daemon health stats" [_thread_blocked, id=19492, stack(0x0000005c2ad00000,0x0000005c2ae00000)]
  0x0000024f04790800 JavaThread "Service Thread" daemon [_thread_blocked, id=29904, stack(0x0000005c2ab00000,0x0000005c2ac00000)]
  0x0000024f7f32d000 JavaThread "C1 CompilerThread3" daemon [_thread_in_native, id=15416, stack(0x0000005c2aa00000,0x0000005c2ab00000)]
  0x0000024f7f329000 JavaThread "C2 CompilerThread2" daemon [_thread_blocked, id=15252, stack(0x0000005c2a900000,0x0000005c2aa00000)]
  0x0000024f7f318800 JavaThread "C2 CompilerThread1" daemon [_thread_in_native, id=23880, stack(0x0000005c2a800000,0x0000005c2a900000)]
=>0x0000024f7f31d800 JavaThread "C2 CompilerThread0" daemon [_thread_in_native, id=9120, stack(0x0000005c2a700000,0x0000005c2a800000)]
  0x0000024f7f30e800 JavaThread "Attach Listener" daemon [_thread_blocked, id=16564, stack(0x0000005c2a600000,0x0000005c2a700000)]
  0x0000024f7f30c000 JavaThread "Signal Dispatcher" daemon [_thread_blocked, id=31636, stack(0x0000005c2a500000,0x0000005c2a600000)]
  0x0000024f7e6ed800 JavaThread "Finalizer" daemon [_thread_blocked, id=11824, stack(0x0000005c2a400000,0x0000005c2a500000)]
  0x0000024f7f2d9800 JavaThread "Reference Handler" daemon [_thread_blocked, id=31316, stack(0x0000005c2a300000,0x0000005c2a400000)]
  0x0000024f6c468800 JavaThread "main" [_thread_blocked, id=5704, stack(0x0000005c29900000,0x0000005c29a00000)]

Other Threads:
  0x0000024f7f2b5000 VMThread [stack: 0x0000005c2a200000,0x0000005c2a300000] [id=13316]
  0x0000024f04799000 WatcherThread [stack: 0x0000005c2ac00000,0x0000005c2ad00000] [id=31576]

VM state:synchronizing (normal execution)

VM Mutex/Monitor currently owned by a thread:  ([mutex/lock_event])
[0x0000024f6c45b690] Safepoint_lock - owner thread: 0x0000024f7f2b5000
[0x0000024f6c45b710] Threads_lock - owner thread: 0x0000024f7f2b5000
[0x0000024f6c465e60] Compile_lock - owner thread: 0x0000024f0c086000

heap address: 0x0000000080000000, size: 2048 MB, Compressed Oops mode: 32-bit
Narrow klass base: 0x0000000000000000, Narrow klass shift: 3
Compressed class space size: 1073741824 Address: 0x0000000100000000

Heap:
 PSYoungGen      total 593408K, used 228332K [0x00000000d5580000, 0x00000000ffb80000, 0x0000000100000000)
  eden space 491520K, 39% used [0x00000000d5580000,0x00000000e134adc0,0x00000000f3580000)
  from space 101888K, 33% used [0x00000000f9800000,0x00000000fb9304d8,0x00000000ffb80000)
  to   space 100864K, 0% used [0x00000000f3580000,0x00000000f3580000,0x00000000f9800000)
 ParOldGen       total 668160K, used 86950K [0x0000000080000000, 0x00000000a8c80000, 0x00000000d5580000)
  object space 668160K, 13% used [0x0000000080000000,0x00000000854e9928,0x00000000a8c80000)
 Metaspace       used 112484K, capacity 118712K, committed 118784K, reserved 1153024K
  class space    used 14955K, capacity 16072K, committed 16128K, reserved 1048576K

Card table byte_map: [0x0000024f7d330000,0x0000024f7d740000] byte_map_base: 0x0000024f7cf30000

Marking Bits: (ParMarkBitMap*) 0x000000006bfe1860
 Begin Bits: [0x0000024f00000000, 0x0000024f02000000)
 End Bits:   [0x0000024f02000000, 0x0000024f04000000)

Polling page: 0x0000024f6c690000

CodeCache: size=245760Kb used=55101Kb max_used=55205Kb free=190658Kb
 bounds [0x0000024f6df70000, 0x0000024f715a0000, 0x0000024f7cf70000]
 total_blobs=17168 nmethods=16247 adapters=829
 compilation: enabled

Compilation events (10 events):
Event: 684.579 Thread 0x0000024f7f32d000 nmethod 19631 0x0000024f6f037f90 code [0x0000024f6f038200, 0x0000024f6f039400]
Event: 684.580 Thread 0x0000024f7f318800 nmethod 19633 0x0000024f6e0b9310 code [0x0000024f6e0b9460, 0x0000024f6e0b9578]
Event: 684.580 Thread 0x0000024f7f318800 19635       4       org.gradle.api.internal.file.collections.UnpackingVisitor::add (331 bytes)
Event: 684.580 Thread 0x0000024f7f32d000 19632       3       com.google.common.collect.Iterables::size (29 bytes)
Event: 684.581 Thread 0x0000024f7f32d000 nmethod 19632 0x0000024f6eb1a6d0 code [0x0000024f6eb1a8a0, 0x0000024f6eb1b180]
Event: 684.581 Thread 0x0000024f7f329000 nmethod 19628 0x0000024f6e0ff990 code [0x0000024f6e0ffb40, 0x0000024f6e100390]
Event: 684.581 Thread 0x0000024f7f32d000 19634       1       org.gradle.internal.execution.history.changes.ClasspathCompareStrategy$TrackingVisitor::isConsumeMore (5 bytes)
Event: 684.581 Thread 0x0000024f7f32d000 nmethod 19634 0x0000024f6e0ff690 code [0x0000024f6e0ff7e0, 0x0000024f6e0ff8f8]
Event: 684.582 Thread 0x0000024f7f32d000 19625       3       org.objectweb.asm.ClassReader::createLabel (21 bytes)
Event: 684.582 Thread 0x0000024f7f32d000 nmethod 19625 0x0000024f6f319750 code [0x0000024f6f3198e0, 0x0000024f6f319d78]

GC Heap History (10 events):
Event: 11.483 GC heap before
{Heap before GC invocations=12 (full 3):
 PSYoungGen      total 386048K, used 386028K [0x00000000d5580000, 0x00000000f1b80000, 0x0000000100000000)
  eden space 357376K, 100% used [0x00000000d5580000,0x00000000eb280000,0x00000000eb280000)
  from space 28672K, 99% used [0x00000000edb80000,0x00000000ef77b000,0x00000000ef780000)
  to   space 41984K, 0% used [0x00000000eb280000,0x00000000eb280000,0x00000000edb80000)
 ParOldGen       total 462336K, used 62714K [0x0000000080000000, 0x000000009c380000, 0x00000000d5580000)
  object space 462336K, 13% used [0x0000000080000000,0x0000000083d3e898,0x000000009c380000)
 Metaspace       used 86666K, capacity 91960K, committed 92288K, reserved 1128448K
  class space    used 12120K, capacity 13064K, committed 13184K, reserved 1048576K
Event: 11.581 GC heap after
Heap after GC invocations=12 (full 3):
 PSYoungGen      total 399360K, used 41967K [0x00000000d5580000, 0x00000000f9680000, 0x0000000100000000)
  eden space 357376K, 0% used [0x00000000d5580000,0x00000000d5580000,0x00000000eb280000)
  from space 41984K, 99% used [0x00000000eb280000,0x00000000edb7bfa0,0x00000000edb80000)
  to   space 68608K, 0% used [0x00000000f5380000,0x00000000f5380000,0x00000000f9680000)
 ParOldGen       total 462336K, used 112957K [0x0000000080000000, 0x000000009c380000, 0x00000000d5580000)
  object space 462336K, 24% used [0x0000000080000000,0x0000000086e4f578,0x000000009c380000)
 Metaspace       used 86666K, capacity 91960K, committed 92288K, reserved 1128448K
  class space    used 12120K, capacity 13064K, committed 13184K, reserved 1048576K
}
Event: 12.780 GC heap before
{Heap before GC invocations=13 (full 3):
 PSYoungGen      total 399360K, used 399343K [0x00000000d5580000, 0x00000000f9680000, 0x0000000100000000)
  eden space 357376K, 100% used [0x00000000d5580000,0x00000000eb280000,0x00000000eb280000)
  from space 41984K, 99% used [0x00000000eb280000,0x00000000edb7bfa0,0x00000000edb80000)
  to   space 68608K, 0% used [0x00000000f5380000,0x00000000f5380000,0x00000000f9680000)
 ParOldGen       total 462336K, used 112957K [0x0000000080000000, 0x000000009c380000, 0x00000000d5580000)
  object space 462336K, 24% used [0x0000000080000000,0x0000000086e4f578,0x000000009c380000)
 Metaspace       used 86897K, capacity 92258K, committed 92544K, reserved 1128448K
  class space    used 12127K, capacity 13071K, committed 13184K, reserved 1048576K
Event: 12.864 GC heap after
Heap after GC invocations=13 (full 3):
 PSYoungGen      total 491008K, used 68585K [0x00000000d5580000, 0x00000000fe700000, 0x0000000100000000)
  eden space 422400K, 0% used [0x00000000d5580000,0x00000000d5580000,0x00000000ef200000)
  from space 68608K, 99% used [0x00000000f5380000,0x00000000f967a480,0x00000000f9680000)
  to   space 99840K, 0% used [0x00000000ef200000,0x00000000ef200000,0x00000000f5380000)
 ParOldGen       total 462336K, used 167488K [0x0000000080000000, 0x000000009c380000, 0x00000000d5580000)
  object space 462336K, 36% used [0x0000000080000000,0x000000008a3900d0,0x000000009c380000)
 Metaspace       used 86897K, capacity 92258K, committed 92544K, reserved 1128448K
  class space    used 12127K, capacity 13071K, committed 13184K, reserved 1048576K
}
Event: 630.446 GC heap before
{Heap before GC invocations=14 (full 3):
 PSYoungGen      total 491008K, used 395830K [0x00000000d5580000, 0x00000000fe700000, 0x0000000100000000)
  eden space 422400K, 77% used [0x00000000d5580000,0x00000000e95133a8,0x00000000ef200000)
  from space 68608K, 99% used [0x00000000f5380000,0x00000000f967a480,0x00000000f9680000)
  to   space 99840K, 0% used [0x00000000ef200000,0x00000000ef200000,0x00000000f5380000)
 ParOldGen       total 462336K, used 167488K [0x0000000080000000, 0x000000009c380000, 0x00000000d5580000)
  object space 462336K, 36% used [0x0000000080000000,0x000000008a3900d0,0x000000009c380000)
 Metaspace       used 92935K, capacity 98518K, committed 98600K, reserved 1134592K
  class space    used 12662K, capacity 13633K, committed 13696K, reserved 1048576K
Event: 630.521 GC heap after
Heap after GC invocations=14 (full 3):
 PSYoungGen      total 522240K, used 71687K [0x00000000d5580000, 0x0000000100000000, 0x0000000100000000)
  eden space 422400K, 0% used [0x00000000d5580000,0x00000000d5580000,0x00000000ef200000)
  from space 99840K, 71% used [0x00000000ef200000,0x00000000f3801e98,0x00000000f5380000)
  to   space 106496K, 0% used [0x00000000f9800000,0x00000000f9800000,0x0000000100000000)
 ParOldGen       total 462336K, used 192117K [0x0000000080000000, 0x000000009c380000, 0x00000000d5580000)
  object space 462336K, 41% used [0x0000000080000000,0x000000008bb9d498,0x000000009c380000)
 Metaspace       used 92935K, capacity 98518K, committed 98600K, reserved 1134592K
  class space    used 12662K, capacity 13633K, committed 13696K, reserved 1048576K
}
Event: 630.521 GC heap before
{Heap before GC invocations=15 (full 4):
 PSYoungGen      total 522240K, used 71687K [0x00000000d5580000, 0x0000000100000000, 0x0000000100000000)
  eden space 422400K, 0% used [0x00000000d5580000,0x00000000d5580000,0x00000000ef200000)
  from space 99840K, 71% used [0x00000000ef200000,0x00000000f3801e98,0x00000000f5380000)
  to   space 106496K, 0% used [0x00000000f9800000,0x00000000f9800000,0x0000000100000000)
 ParOldGen       total 462336K, used 192117K [0x0000000080000000, 0x000000009c380000, 0x00000000d5580000)
  object space 462336K, 41% used [0x0000000080000000,0x000000008bb9d498,0x000000009c380000)
 Metaspace       used 92935K, capacity 98518K, committed 98600K, reserved 1134592K
  class space    used 12662K, capacity 13633K, committed 13696K, reserved 1048576K
Event: 630.643 GC heap after
Heap after GC invocations=15 (full 4):
 PSYoungGen      total 522240K, used 0K [0x00000000d5580000, 0x0000000100000000, 0x0000000100000000)
  eden space 422400K, 0% used [0x00000000d5580000,0x00000000d5580000,0x00000000ef200000)
  from space 99840K, 0% used [0x00000000ef200000,0x00000000ef200000,0x00000000f5380000)
  to   space 106496K, 0% used [0x00000000f9800000,0x00000000f9800000,0x0000000100000000)
 ParOldGen       total 668160K, used 86942K [0x0000000080000000, 0x00000000a8c80000, 0x00000000d5580000)
  object space 668160K, 13% used [0x0000000080000000,0x00000000854e7928,0x00000000a8c80000)
 Metaspace       used 92246K, capacity 96712K, committed 98600K, reserved 1134592K
  class space    used 12423K, capacity 13218K, committed 13696K, reserved 1048576K
}
Event: 673.262 GC heap before
{Heap before GC invocations=16 (full 4):
 PSYoungGen      total 522240K, used 422400K [0x00000000d5580000, 0x0000000100000000, 0x0000000100000000)
  eden space 422400K, 100% used [0x00000000d5580000,0x00000000ef200000,0x00000000ef200000)
  from space 99840K, 0% used [0x00000000ef200000,0x00000000ef200000,0x00000000f5380000)
  to   space 106496K, 0% used [0x00000000f9800000,0x00000000f9800000,0x0000000100000000)
 ParOldGen       total 668160K, used 86942K [0x0000000080000000, 0x00000000a8c80000, 0x00000000d5580000)
  object space 668160K, 13% used [0x0000000080000000,0x00000000854e7928,0x00000000a8c80000)
 Metaspace       used 105406K, capacity 110478K, committed 111616K, reserved 1146880K
  class space    used 13890K, capacity 14805K, committed 15104K, reserved 1048576K
Event: 673.281 GC heap after
Heap after GC invocations=16 (full 4):
 PSYoungGen      total 593408K, used 33985K [0x00000000d5580000, 0x00000000ffb80000, 0x0000000100000000)
  eden space 491520K, 0% used [0x00000000d5580000,0x00000000d5580000,0x00000000f3580000)
  from space 101888K, 33% used [0x00000000f9800000,0x00000000fb9304d8,0x00000000ffb80000)
  to   space 100864K, 0% used [0x00000000f3580000,0x00000000f3580000,0x00000000f9800000)
 ParOldGen       total 668160K, used 86950K [0x0000000080000000, 0x00000000a8c80000, 0x00000000d5580000)
  object space 668160K, 13% used [0x0000000080000000,0x00000000854e9928,0x00000000a8c80000)
 Metaspace       used 105406K, capacity 110478K, committed 111616K, reserved 1146880K
  class space    used 13890K, capacity 14805K, committed 15104K, reserved 1048576K
}

Deoptimization events (10 events):
Event: 684.575 Thread 0x0000024f0c086000 Uncommon trap: reason=unstable_if action=reinterpret pc=0x0000024f6e1b20f8 method=org.objectweb.asm.MethodWriter.visitMaxs(II)V @ 35
Event: 684.575 Thread 0x0000024f0c086000 Uncommon trap: reason=unstable_if action=reinterpret pc=0x0000024f706b0e60 method=org.objectweb.asm.AnnotationWriter.computeAnnotationsSize(Lorg/objectweb/asm/AnnotationWriter;Lorg/objectweb/asm/AnnotationWriter;Lorg/objectweb/asm/AnnotationWriter;Lorg/ob
Event: 684.575 Thread 0x0000024f0c086000 Uncommon trap: reason=unstable_if action=reinterpret pc=0x0000024f703ec598 method=org.objectweb.asm.MethodWriter.putMethodInfo(Lorg/objectweb/asm/ByteVector;)V @ 170
Event: 684.575 Thread 0x0000024f0c086000 Uncommon trap: reason=unstable_if action=reinterpret pc=0x0000024f6f02953c method=org.objectweb.asm.AnnotationWriter.putAnnotations(Lorg/objectweb/asm/SymbolTable;Lorg/objectweb/asm/AnnotationWriter;Lorg/objectweb/asm/AnnotationWriter;Lorg/objectweb/asm/A
Event: 684.575 Thread 0x0000024f0bf4d000 Uncommon trap: reason=unstable_if action=reinterpret pc=0x0000024f6fdad3d8 method=org.gradle.cache.internal.btree.FileBackedBlockStore.attach(Lorg/gradle/cache/internal/btree/BlockPayload;)V @ 4
Event: 684.576 Thread 0x0000024f0bf4d000 Uncommon trap: reason=unstable_if action=reinterpret pc=0x0000024f6fdd5e98 method=org.gradle.cache.internal.btree.FileBackedBlockStore$BlockImpl.getPos()Lorg/gradle/cache/internal/btree/BlockPointer; @ 4
Event: 684.576 Thread 0x0000024f0bf4d000 Uncommon trap: reason=bimorphic action=maybe_recompile pc=0x0000024f6f7f0960 method=java.io.DataOutputStream.writeLong(J)V @ 108
Event: 684.576 Thread 0x0000024f0bf4d000 Uncommon trap: reason=bimorphic action=maybe_recompile pc=0x0000024f6f7f0960 method=java.io.DataOutputStream.writeLong(J)V @ 108
Event: 684.576 Thread 0x0000024f0bf4d000 Uncommon trap: reason=bimorphic action=maybe_recompile pc=0x0000024f6f7f0960 method=java.io.DataOutputStream.writeLong(J)V @ 108
Event: 684.576 Thread 0x0000024f0bf4d000 Uncommon trap: reason=bimorphic action=maybe_recompile pc=0x0000024f6f7f0960 method=java.io.DataOutputStream.writeLong(J)V @ 108

Classes redefined (0 events):
No events

Internal exceptions (10 events):
Event: 678.903 Thread 0x0000024f0c086000 Exception <a 'java/net/ConnectException': Connection refused: connect> (0x00000000e0ac7158) thrown at [C:\wsjdk\Corretto8Src\installers\windows\zip\corretto-build\buildRoot\src\hotspot\src\share\vm\prims\jni.cpp, line 738]
Event: 679.431 Thread 0x0000024f0bf49000 Exception <a 'java/net/ConnectException': Connection refused: connect> (0x00000000d57315d8) thrown at [C:\wsjdk\Corretto8Src\installers\windows\zip\corretto-build\buildRoot\src\hotspot\src\share\vm\prims\jni.cpp, line 738]
Event: 680.971 Thread 0x0000024f0c086000 Exception <a 'java/net/ConnectException': Connection refused: connect> (0x00000000e0ac81f0) thrown at [C:\wsjdk\Corretto8Src\installers\windows\zip\corretto-build\buildRoot\src\hotspot\src\share\vm\prims\jni.cpp, line 738]
Event: 680.976 Thread 0x0000024f0af72800 Exception <a 'java/lang/InterruptedException'> (0x00000000e0aef828) thrown at [C:\wsjdk\Corretto8Src\installers\windows\zip\corretto-build\buildRoot\src\hotspot\src\share\vm\runtime\objectMonitor.cpp, line 1692]
Event: 684.577 Thread 0x0000024f0c086000 Exception <a 'sun/nio/fs/WindowsException'> (0x00000000e1127f38) thrown at [C:\wsjdk\Corretto8Src\installers\windows\zip\corretto-build\buildRoot\src\hotspot\src\share\vm\prims\jni.cpp, line 711]
Event: 684.577 Thread 0x0000024f0c086000 Exception <a 'sun/nio/fs/WindowsException'> (0x00000000e1128c38) thrown at [C:\wsjdk\Corretto8Src\installers\windows\zip\corretto-build\buildRoot\src\hotspot\src\share\vm\prims\jni.cpp, line 711]
Event: 684.577 Thread 0x0000024f0c086000 Exception <a 'sun/nio/fs/WindowsException'> (0x00000000e112fa30) thrown at [C:\wsjdk\Corretto8Src\installers\windows\zip\corretto-build\buildRoot\src\hotspot\src\share\vm\prims\jni.cpp, line 711]
Event: 684.577 Thread 0x0000024f0c086000 Exception <a 'sun/nio/fs/WindowsException'> (0x00000000e1130778) thrown at [C:\wsjdk\Corretto8Src\installers\windows\zip\corretto-build\buildRoot\src\hotspot\src\share\vm\prims\jni.cpp, line 711]
Event: 684.578 Thread 0x0000024f0c086000 Exception <a 'sun/nio/fs/WindowsException'> (0x00000000e113a4e0) thrown at [C:\wsjdk\Corretto8Src\installers\windows\zip\corretto-build\buildRoot\src\hotspot\src\share\vm\prims\jni.cpp, line 711]
Event: 684.578 Thread 0x0000024f0c086000 Exception <a 'sun/nio/fs/WindowsException'> (0x00000000e113b238) thrown at [C:\wsjdk\Corretto8Src\installers\windows\zip\corretto-build\buildRoot\src\hotspot\src\share\vm\prims\jni.cpp, line 711]

Events (10 events):
Event: 684.581 loading class org/gradle/api/internal/tasks/compile/CompilationSourceDirs done
Event: 684.581 Thread 0x0000024f7f32d000 flushing nmethod 0x0000024f6f619a50
Event: 684.582 Thread 0x0000024f7f32d000 flushing nmethod 0x0000024f6f760110
Event: 684.582 Thread 0x0000024f7f32d000 flushing nmethod 0x0000024f6f7f3350
Event: 684.582 loading class org/gradle/api/internal/tasks/compile/CompilationSourceDirs$SourceRoots
Event: 684.582 loading class org/gradle/api/internal/tasks/compile/CompilationSourceDirs$SourceRoots done
Event: 684.582 Thread 0x0000024f7f32d000 flushing nmethod 0x0000024f6f9b3c50
Event: 684.582 Thread 0x0000024f7f32d000 flushing nmethod 0x0000024f6f9b7750
Event: 684.582 Thread 0x0000024f7f32d000 flushing nmethod 0x0000024f6f9ccc10
Event: 684.582 Thread 0x0000024f7f32d000 flushing nmethod 0x0000024f6f9d21d0


Dynamic libraries:
0x00007ff61c510000 - 0x00007ff61c54a000 	C:\Users\osuni\.jdks\corretto-1.8.0_312\bin\java.exe
0x00007ff988e70000 - 0x00007ff989065000 	C:\WINDOWS\SYSTEM32\ntdll.dll
0x00007ff987620000 - 0x00007ff9876de000 	C:\WINDOWS\System32\KERNEL32.DLL
0x00007ff986be0000 - 0x00007ff986ea8000 	C:\WINDOWS\System32\KERNELBASE.dll
0x00007ff987c30000 - 0x00007ff987cdc000 	C:\WINDOWS\System32\ADVAPI32.dll
0x00007ff988d90000 - 0x00007ff988e2e000 	C:\WINDOWS\System32\msvcrt.dll
0x00007ff988c90000 - 0x00007ff988d2b000 	C:\WINDOWS\System32\sechost.dll
0x00007ff988510000 - 0x00007ff98863a000 	C:\WINDOWS\System32\RPCRT4.dll
0x00007ff988990000 - 0x00007ff988b31000 	C:\WINDOWS\System32\USER32.dll
0x00007ff9866c0000 - 0x00007ff9866e2000 	C:\WINDOWS\System32\win32u.dll
0x00007ff988c60000 - 0x00007ff988c8b000 	C:\WINDOWS\System32\GDI32.dll
0x00007ff9868d0000 - 0x00007ff9869dd000 	C:\WINDOWS\System32\gdi32full.dll
0x00007ff9869e0000 - 0x00007ff986a7d000 	C:\WINDOWS\System32\msvcp_win.dll
0x00007ff986a80000 - 0x00007ff986b80000 	C:\WINDOWS\System32\ucrtbase.dll
0x00007ff97cc40000 - 0x00007ff97ceda000 	C:\WINDOWS\WinSxS\amd64_microsoft.windows.common-controls_6595b64144ccf1df_6.0.19041.1110_none_60b5254171f9507e\COMCTL32.dll
0x00007ff987d00000 - 0x00007ff987d30000 	C:\WINDOWS\System32\IMM32.DLL
0x00007ff948760000 - 0x00007ff94884f000 	C:\Users\osuni\.jdks\corretto-1.8.0_312\jre\bin\msvcr120.dll
0x00007ff94d2b0000 - 0x00007ff94d356000 	C:\Users\osuni\.jdks\corretto-1.8.0_312\jre\bin\msvcp120.dll
0x000000006b7f0000 - 0x000000006c060000 	C:\Users\osuni\.jdks\corretto-1.8.0_312\jre\bin\server\jvm.dll
0x00007ff987ce0000 - 0x00007ff987ce8000 	C:\WINDOWS\System32\PSAPI.DLL
0x00007ff981410000 - 0x00007ff98141a000 	C:\WINDOWS\SYSTEM32\VERSION.dll
0x00007ff97fd00000 - 0x00007ff97fd27000 	C:\WINDOWS\SYSTEM32\WINMM.dll
0x00007ff967df0000 - 0x00007ff967df9000 	C:\WINDOWS\SYSTEM32\WSOCK32.dll
0x00007ff9881a0000 - 0x00007ff98820b000 	C:\WINDOWS\System32\WS2_32.dll
0x00007ff974730000 - 0x00007ff97473f000 	C:\Users\osuni\.jdks\corretto-1.8.0_312\jre\bin\verify.dll
0x00007ff96c990000 - 0x00007ff96c9b9000 	C:\Users\osuni\.jdks\corretto-1.8.0_312\jre\bin\java.dll
0x00007ff96c970000 - 0x00007ff96c986000 	C:\Users\osuni\.jdks\corretto-1.8.0_312\jre\bin\zip.dll
0x00007ff986eb0000 - 0x00007ff9875f4000 	C:\WINDOWS\System32\SHELL32.dll
0x00007ff984690000 - 0x00007ff984e24000 	C:\WINDOWS\SYSTEM32\windows.storage.dll
0x00007ff987de0000 - 0x00007ff988135000 	C:\WINDOWS\System32\combase.dll
0x00007ff985fd0000 - 0x00007ff985ffe000 	C:\WINDOWS\SYSTEM32\Wldp.dll
0x00007ff9888e0000 - 0x00007ff98898d000 	C:\WINDOWS\System32\SHCORE.dll
0x00007ff9887f0000 - 0x00007ff988845000 	C:\WINDOWS\System32\shlwapi.dll
0x00007ff9864c0000 - 0x00007ff9864df000 	C:\WINDOWS\SYSTEM32\profapi.dll
0x00007ff96c5c0000 - 0x00007ff96c5da000 	C:\Users\osuni\.jdks\corretto-1.8.0_312\jre\bin\net.dll
0x00007ff985d30000 - 0x00007ff985d9a000 	C:\WINDOWS\system32\mswsock.dll
0x00007ff969ce0000 - 0x00007ff969cf2000 	C:\Users\osuni\.jdks\corretto-1.8.0_312\jre\bin\nio.dll
0x00007ff95c530000 - 0x00007ff95c557000 	C:\Users\osuni\.gradle\native\f6784746aeab05261644944871eae4fe03e0ef1612fff0a4a95f87b438bc6780\windows-amd64\native-platform.dll
0x00007ff973010000 - 0x00007ff97301d000 	C:\Users\osuni\.jdks\corretto-1.8.0_312\jre\bin\management.dll
0x00007ff985f20000 - 0x00007ff985f38000 	C:\WINDOWS\SYSTEM32\CRYPTSP.dll
0x00007ff985640000 - 0x00007ff985674000 	C:\WINDOWS\system32\rsaenh.dll
0x00007ff986850000 - 0x00007ff986877000 	C:\WINDOWS\System32\bcrypt.dll
0x00007ff986480000 - 0x00007ff9864ae000 	C:\WINDOWS\SYSTEM32\USERENV.dll
0x00007ff986630000 - 0x00007ff9866b3000 	C:\WINDOWS\System32\bcryptprimitives.dll
0x00007ff985f40000 - 0x00007ff985f4c000 	C:\WINDOWS\SYSTEM32\CRYPTBASE.dll
0x00007ff9859d0000 - 0x00007ff985a0b000 	C:\WINDOWS\SYSTEM32\IPHLPAPI.DLL
0x00007ff988500000 - 0x00007ff988508000 	C:\WINDOWS\System32\NSI.dll
0x00007ff980810000 - 0x00007ff980827000 	C:\WINDOWS\SYSTEM32\dhcpcsvc6.DLL
0x00007ff980530000 - 0x00007ff98054d000 	C:\WINDOWS\SYSTEM32\dhcpcsvc.DLL
0x00007ff985a20000 - 0x00007ff985aeb000 	C:\WINDOWS\SYSTEM32\DNSAPI.dll
0x00007ff981420000 - 0x00007ff98142b000 	C:\WINDOWS\SYSTEM32\WINNSI.DLL
0x00007ff9824b0000 - 0x00007ff9824ce000 	C:\Users\osuni\AppData\Local\Temp\native-platform2737353573852248469dir\native-platform.dll

VM Arguments:
jvm_args: -Xmx2048m -Dfile.encoding=UTF-8 -Duser.country=US -Duser.language=en -Duser.variant 
java_command: org.gradle.launcher.daemon.bootstrap.GradleDaemon 6.5
java_class_path (initial): C:\Users\osuni\.gradle\wrapper\dists\gradle-6.5-bin\6nifqtx7604sqp1q6g8wikw7p\gradle-6.5\lib\gradle-launcher-6.5.jar
Launcher Type: SUN_STANDARD

Environment Variables:
PATH=C:\Program Files (x86)\Razer\ChromaBroadcast\bin;C:\Program Files\Razer\ChromaBroadcast\bin;C:\Program Files\Oculus\Support\oculus-runtime;C:\Program Files (x86)\Razer Chroma SDK\bin;C:\Program Files\Razer Chroma SDK\bin;c:\program files\oculus\support\oculus-runtime;c:\program files (x86)\intel\icls client\;c:\program files\intel\icls client\;c:\windows\system32;c:\windows;c:\windows\system32\wbem;c:\windows\system32\windowspowershell\v1.0\;c:\program files (x86)\intel\intel(r) management engine components\dal;c:\program files\intel\intel(r) management engine components\dal;c:\program files (x86)\intel\intel(r) management engine components\ipt;c:\program files\intel\intel(r) management engine components\ipt;C:\Users\osuni\AppData\Local\Programs\Python\Python36\Scripts\;C:\Users\osuni\AppData\Local\Programs\Python\Python36\;C:\Users\osuni\AppData\Local\Microsoft\WindowsApps;C:\WINDOWS\system32;C:\WINDOWS;C:\WINDOWS\System32\Wbem;C:\WINDOWS\System32\WindowsPowerShell\v1.0\;C:\WINDOWS\System32\OpenSSH\;C:\Program Files\IDM Computer Solutions\UltraEdit;C:\Program Files\PuTTY\;C:\Users\osuni\AppData\Roaming\Dashlane\5.17.0.23881\bin\Firefox_Extension\{442718d9-475e-452a-b3e1-fb1ee16b8e9f}\components;C:\Users\osuni\AppData\Roaming\Dashlane\5.17.0.23881\ucrt;C:\Users\osuni\AppData\Roaming\Dashlane\5.17.0.23881\bin\Qt;C:\Users\osuni\AppData\Roaming\Dashlane\5.17.0.23881\bin\Ssl;C:\Program Files\dotnet\;C:\Program Files (x86)\NVIDIA Corporation\PhysX\Common;C:\Program Files\NVIDIA Corporation\NVIDIA NvDLISR;%SystemRoot%\system32;%SystemRoot%;%SystemRoot%\System32\Wbem;%SYSTEMROOT%\System32\WindowsPowerShell\v1.0\;%SYSTEMROOT%\System32\OpenSSH\;C:\Program Files\Git\cmd;C:\Android;C:\Windows\System32;C:\Users\osuni\AppData\Local\Programs\Python\Python36\Scripts\;C:\Users\osuni\AppData\Local\Programs\Python\Python36\;C:\Users\osuni\AppData\Local\Microsoft\WindowsApps;%DASHLANE_DLL_DIR%;
USERNAME=osuni
OS=Windows_NT
PROCESSOR_IDENTIFIER=Intel64 Family 6 Model 158 Stepping 9, GenuineIntel



---------------  S Y S T E M  ---------------

OS: Windows 10.0 , 64 bit Build 19041 (10.0.19041.1348)

CPU:total 8 (initial active 8) (4 cores per cpu, 2 threads per core) family 6 model 158 stepping 9, cmov, cx8, fxsr, mmx, sse, sse2, sse3, ssse3, sse4.1, sse4.2, popcnt, avx, avx2, aes, clmul, erms, rtm, 3dnowpref, lzcnt, ht, tsc, tscinvbit, bmi1, bmi2, adx

Memory: 4k page, physical 33407792k(8730100k free), swap 36479792k(2372k free)

vm_info: OpenJDK 64-Bit Server VM (25.312-b07) for windows-amd64 JRE (1.8.0_312-b07), built on Oct 14 2021 21:08:49 by "Administrator" with MS VC++ 12.0 (VS2013)

time: Thu Dec 02 08:32:12 2021
timezone: Pacific Standard Time
elapsed time: 684.594666 seconds (0d 0h 11m 24s)

